[1.295s] DEBUG:colcon:Command line arguments: ['/usr/bin/colcon', 'build', '--symlink-install']
[1.295s] DEBUG:colcon:Parsed command line arguments: Namespace(log_base=None, log_level=None, verb_name='build', build_base='build', install_base='install', merge_install=False, symlink_install=True, test_result_base=None, continue_on_error=False, executor='parallel', parallel_workers=8, event_handlers=None, ignore_user_meta=False, metas=['./colcon.meta'], base_paths=['.'], packages_ignore=None, packages_ignore_regex=None, paths=None, packages_up_to=None, packages_up_to_regex=None, packages_above=None, packages_above_and_dependencies=None, packages_above_depth=None, packages_select_by_dep=None, packages_skip_by_dep=None, packages_skip_up_to=None, packages_select_build_failed=False, packages_skip_build_finished=False, packages_select_test_failures=False, packages_skip_test_passed=False, packages_select=None, packages_skip=None, packages_select_regex=None, packages_skip_regex=None, packages_start=None, packages_end=None, allow_overriding=[], cmake_args=None, cmake_target=None, cmake_target_skip_unavailable=False, cmake_clean_cache=False, cmake_clean_first=False, cmake_force_configure=False, ament_cmake_args=None, catkin_cmake_args=None, catkin_skip_building_tests=False, verb_parser=<colcon_defaults.argument_parser.defaults.DefaultArgumentsDecorator object at 0x7f47762fbe80>, verb_extension=<colcon_core.verb.build.BuildVerb object at 0x7f4776b08610>, main=<bound method BuildVerb.main of <colcon_core.verb.build.BuildVerb object at 0x7f4776b08610>>)
[1.417s] Level 1:colcon.colcon_core.package_discovery:discover_packages(colcon_meta) check parameters
[1.417s] Level 1:colcon.colcon_core.package_discovery:discover_packages(recursive) check parameters
[1.418s] Level 1:colcon.colcon_core.package_discovery:discover_packages(ignore) check parameters
[1.418s] Level 1:colcon.colcon_core.package_discovery:discover_packages(path) check parameters
[1.418s] Level 1:colcon.colcon_core.package_discovery:discover_packages(colcon_meta) discover
[1.418s] Level 1:colcon.colcon_core.package_discovery:discover_packages(recursive) discover
[1.418s] INFO:colcon.colcon_core.package_discovery:Crawling recursively for packages in '/home/mohd_yasser1/Ros2_project'
[1.418s] Level 1:colcon.colcon_core.package_identification:_identify(.) by extensions ['ignore', 'ignore_ament_install']
[1.419s] Level 1:colcon.colcon_core.package_identification:_identify(.) by extension 'ignore'
[1.419s] Level 1:colcon.colcon_core.package_identification:_identify(.) by extension 'ignore_ament_install'
[1.419s] Level 1:colcon.colcon_core.package_identification:_identify(.) by extensions ['colcon_pkg']
[1.419s] Level 1:colcon.colcon_core.package_identification:_identify(.) by extension 'colcon_pkg'
[1.419s] Level 1:colcon.colcon_core.package_identification:_identify(.) by extensions ['colcon_meta']
[1.419s] Level 1:colcon.colcon_core.package_identification:_identify(.) by extension 'colcon_meta'
[1.419s] Level 1:colcon.colcon_core.package_identification:_identify(.) by extensions ['ros']
[1.420s] Level 1:colcon.colcon_core.package_identification:_identify(.) by extension 'ros'
[1.472s] Level 1:colcon.colcon_core.package_identification:_identify(.) by extensions ['cmake', 'python']
[1.472s] Level 1:colcon.colcon_core.package_identification:_identify(.) by extension 'cmake'
[1.472s] Level 1:colcon.colcon_core.package_identification:_identify(.) by extension 'python'
[1.473s] Level 1:colcon.colcon_core.package_identification:_identify(.) by extensions ['python_setup_py']
[1.473s] Level 1:colcon.colcon_core.package_identification:_identify(.) by extension 'python_setup_py'
[1.473s] Level 1:colcon.colcon_core.package_identification:_identify(build) by extensions ['ignore', 'ignore_ament_install']
[1.473s] Level 1:colcon.colcon_core.package_identification:_identify(build) by extension 'ignore'
[1.473s] Level 1:colcon.colcon_core.package_identification:_identify(build) ignored
[1.474s] Level 1:colcon.colcon_core.package_identification:_identify(install) by extensions ['ignore', 'ignore_ament_install']
[1.474s] Level 1:colcon.colcon_core.package_identification:_identify(install) by extension 'ignore'
[1.474s] Level 1:colcon.colcon_core.package_identification:_identify(install) ignored
[1.474s] Level 1:colcon.colcon_core.package_identification:_identify(log) by extensions ['ignore', 'ignore_ament_install']
[1.475s] Level 1:colcon.colcon_core.package_identification:_identify(log) by extension 'ignore'
[1.475s] Level 1:colcon.colcon_core.package_identification:_identify(log) ignored
[1.475s] Level 1:colcon.colcon_core.package_identification:_identify(src) by extensions ['ignore', 'ignore_ament_install']
[1.475s] Level 1:colcon.colcon_core.package_identification:_identify(src) by extension 'ignore'
[1.475s] Level 1:colcon.colcon_core.package_identification:_identify(src) by extension 'ignore_ament_install'
[1.475s] Level 1:colcon.colcon_core.package_identification:_identify(src) by extensions ['colcon_pkg']
[1.475s] Level 1:colcon.colcon_core.package_identification:_identify(src) by extension 'colcon_pkg'
[1.475s] Level 1:colcon.colcon_core.package_identification:_identify(src) by extensions ['colcon_meta']
[1.475s] Level 1:colcon.colcon_core.package_identification:_identify(src) by extension 'colcon_meta'
[1.476s] Level 1:colcon.colcon_core.package_identification:_identify(src) by extensions ['ros']
[1.476s] Level 1:colcon.colcon_core.package_identification:_identify(src) by extension 'ros'
[1.476s] Level 1:colcon.colcon_core.package_identification:_identify(src) by extensions ['cmake', 'python']
[1.476s] Level 1:colcon.colcon_core.package_identification:_identify(src) by extension 'cmake'
[1.476s] Level 1:colcon.colcon_core.package_identification:_identify(src) by extension 'python'
[1.476s] Level 1:colcon.colcon_core.package_identification:_identify(src) by extensions ['python_setup_py']
[1.476s] Level 1:colcon.colcon_core.package_identification:_identify(src) by extension 'python_setup_py'
[1.476s] Level 1:colcon.colcon_core.package_identification:_identify(src/turtle_shape) by extensions ['ignore', 'ignore_ament_install']
[1.476s] Level 1:colcon.colcon_core.package_identification:_identify(src/turtle_shape) by extension 'ignore'
[1.477s] Level 1:colcon.colcon_core.package_identification:_identify(src/turtle_shape) by extension 'ignore_ament_install'
[1.477s] Level 1:colcon.colcon_core.package_identification:_identify(src/turtle_shape) by extensions ['colcon_pkg']
[1.477s] Level 1:colcon.colcon_core.package_identification:_identify(src/turtle_shape) by extension 'colcon_pkg'
[1.477s] Level 1:colcon.colcon_core.package_identification:_identify(src/turtle_shape) by extensions ['colcon_meta']
[1.477s] Level 1:colcon.colcon_core.package_identification:_identify(src/turtle_shape) by extension 'colcon_meta'
[1.477s] Level 1:colcon.colcon_core.package_identification:_identify(src/turtle_shape) by extensions ['ros']
[1.477s] Level 1:colcon.colcon_core.package_identification:_identify(src/turtle_shape) by extension 'ros'
[1.486s] DEBUG:colcon.colcon_core.package_identification:Package 'src/turtle_shape' with type 'ros.ament_python' and name 'turtle_shape'
[1.486s] Level 1:colcon.colcon_core.package_identification:_identify(src/turtle_shape_bringup) by extensions ['ignore', 'ignore_ament_install']
[1.486s] Level 1:colcon.colcon_core.package_identification:_identify(src/turtle_shape_bringup) by extension 'ignore'
[1.486s] Level 1:colcon.colcon_core.package_identification:_identify(src/turtle_shape_bringup) by extension 'ignore_ament_install'
[1.486s] Level 1:colcon.colcon_core.package_identification:_identify(src/turtle_shape_bringup) by extensions ['colcon_pkg']
[1.487s] Level 1:colcon.colcon_core.package_identification:_identify(src/turtle_shape_bringup) by extension 'colcon_pkg'
[1.487s] Level 1:colcon.colcon_core.package_identification:_identify(src/turtle_shape_bringup) by extensions ['colcon_meta']
[1.487s] Level 1:colcon.colcon_core.package_identification:_identify(src/turtle_shape_bringup) by extension 'colcon_meta'
[1.487s] Level 1:colcon.colcon_core.package_identification:_identify(src/turtle_shape_bringup) by extensions ['ros']
[1.487s] Level 1:colcon.colcon_core.package_identification:_identify(src/turtle_shape_bringup) by extension 'ros'
[1.488s] DEBUG:colcon.colcon_core.package_identification:Package 'src/turtle_shape_bringup' with type 'ros.ament_cmake' and name 'turtle_shape_bringup'
[1.488s] Level 1:colcon.colcon_core.package_discovery:discover_packages(recursive) using defaults
[1.488s] Level 1:colcon.colcon_core.package_discovery:discover_packages(ignore) discover
[1.488s] Level 1:colcon.colcon_core.package_discovery:discover_packages(ignore) using defaults
[1.488s] Level 1:colcon.colcon_core.package_discovery:discover_packages(path) discover
[1.488s] Level 1:colcon.colcon_core.package_discovery:discover_packages(path) using defaults
[1.564s] Level 1:colcon.colcon_core.package_discovery:discover_packages(prefix_path) check parameters
[1.564s] Level 1:colcon.colcon_core.package_discovery:discover_packages(prefix_path) discover
[1.570s] DEBUG:colcon.colcon_installed_package_information.package_discovery:Found 2 installed packages in /home/mohd_yasser1/Ros2_project/install
[1.574s] DEBUG:colcon.colcon_installed_package_information.package_discovery:Found 276 installed packages in /opt/ros/humble
[1.580s] Level 1:colcon.colcon_core.package_discovery:discover_packages(prefix_path) using defaults
[1.749s] Level 5:colcon.colcon_core.verb:set package 'turtle_shape' build argument 'cmake_args' from command line to 'None'
[1.749s] Level 5:colcon.colcon_core.verb:set package 'turtle_shape' build argument 'cmake_target' from command line to 'None'
[1.749s] Level 5:colcon.colcon_core.verb:set package 'turtle_shape' build argument 'cmake_target_skip_unavailable' from command line to 'False'
[1.749s] Level 5:colcon.colcon_core.verb:set package 'turtle_shape' build argument 'cmake_clean_cache' from command line to 'False'
[1.749s] Level 5:colcon.colcon_core.verb:set package 'turtle_shape' build argument 'cmake_clean_first' from command line to 'False'
[1.749s] Level 5:colcon.colcon_core.verb:set package 'turtle_shape' build argument 'cmake_force_configure' from command line to 'False'
[1.749s] Level 5:colcon.colcon_core.verb:set package 'turtle_shape' build argument 'ament_cmake_args' from command line to 'None'
[1.749s] Level 5:colcon.colcon_core.verb:set package 'turtle_shape' build argument 'catkin_cmake_args' from command line to 'None'
[1.749s] Level 5:colcon.colcon_core.verb:set package 'turtle_shape' build argument 'catkin_skip_building_tests' from command line to 'False'
[1.749s] DEBUG:colcon.colcon_core.verb:Building package 'turtle_shape' with the following arguments: {'ament_cmake_args': None, 'build_base': '/home/mohd_yasser1/Ros2_project/build/turtle_shape', 'catkin_cmake_args': None, 'catkin_skip_building_tests': False, 'cmake_args': None, 'cmake_clean_cache': False, 'cmake_clean_first': False, 'cmake_force_configure': False, 'cmake_target': None, 'cmake_target_skip_unavailable': False, 'install_base': '/home/mohd_yasser1/Ros2_project/install/turtle_shape', 'merge_install': False, 'path': '/home/mohd_yasser1/Ros2_project/src/turtle_shape', 'symlink_install': True, 'test_result_base': None}
[1.751s] Level 5:colcon.colcon_core.verb:set package 'turtle_shape_bringup' build argument 'cmake_args' from command line to 'None'
[1.751s] Level 5:colcon.colcon_core.verb:set package 'turtle_shape_bringup' build argument 'cmake_target' from command line to 'None'
[1.751s] Level 5:colcon.colcon_core.verb:set package 'turtle_shape_bringup' build argument 'cmake_target_skip_unavailable' from command line to 'False'
[1.751s] Level 5:colcon.colcon_core.verb:set package 'turtle_shape_bringup' build argument 'cmake_clean_cache' from command line to 'False'
[1.751s] Level 5:colcon.colcon_core.verb:set package 'turtle_shape_bringup' build argument 'cmake_clean_first' from command line to 'False'
[1.752s] Level 5:colcon.colcon_core.verb:set package 'turtle_shape_bringup' build argument 'cmake_force_configure' from command line to 'False'
[1.752s] Level 5:colcon.colcon_core.verb:set package 'turtle_shape_bringup' build argument 'ament_cmake_args' from command line to 'None'
[1.752s] Level 5:colcon.colcon_core.verb:set package 'turtle_shape_bringup' build argument 'catkin_cmake_args' from command line to 'None'
[1.752s] Level 5:colcon.colcon_core.verb:set package 'turtle_shape_bringup' build argument 'catkin_skip_building_tests' from command line to 'False'
[1.752s] DEBUG:colcon.colcon_core.verb:Building package 'turtle_shape_bringup' with the following arguments: {'ament_cmake_args': None, 'build_base': '/home/mohd_yasser1/Ros2_project/build/turtle_shape_bringup', 'catkin_cmake_args': None, 'catkin_skip_building_tests': False, 'cmake_args': None, 'cmake_clean_cache': False, 'cmake_clean_first': False, 'cmake_force_configure': False, 'cmake_target': None, 'cmake_target_skip_unavailable': False, 'install_base': '/home/mohd_yasser1/Ros2_project/install/turtle_shape_bringup', 'merge_install': False, 'path': '/home/mohd_yasser1/Ros2_project/src/turtle_shape_bringup', 'symlink_install': True, 'test_result_base': None}
[1.753s] INFO:colcon.colcon_core.executor:Executing jobs using 'parallel' executor
[1.759s] DEBUG:colcon.colcon_parallel_executor.executor.parallel:run_until_complete
[1.760s] INFO:colcon.colcon_ros.task.ament_python.build:Building ROS package in '/home/mohd_yasser1/Ros2_project/src/turtle_shape' with build type 'ament_python'
[1.760s] Level 1:colcon.colcon_core.shell:create_environment_hook('turtle_shape', 'ament_prefix_path')
[1.771s] INFO:colcon.colcon_core.plugin_system:Skipping extension 'colcon_core.shell.bat': Not used on non-Windows systems
[1.771s] INFO:colcon.colcon_core.shell:Creating environment hook '/home/mohd_yasser1/Ros2_project/install/turtle_shape/share/turtle_shape/hook/ament_prefix_path.ps1'
[1.773s] INFO:colcon.colcon_core.shell:Creating environment descriptor '/home/mohd_yasser1/Ros2_project/install/turtle_shape/share/turtle_shape/hook/ament_prefix_path.dsv'
[1.774s] INFO:colcon.colcon_core.shell:Creating environment hook '/home/mohd_yasser1/Ros2_project/install/turtle_shape/share/turtle_shape/hook/ament_prefix_path.sh'
[1.778s] INFO:colcon.colcon_core.shell:Skip shell extension 'powershell' for command environment: Not usable outside of PowerShell
[1.778s] DEBUG:colcon.colcon_core.shell:Skip shell extension 'dsv' for command environment
[2.355s] INFO:colcon.colcon_core.task.python.build:Building Python package in '/home/mohd_yasser1/Ros2_project/src/turtle_shape'
[2.358s] INFO:colcon.colcon_core.shell:Skip shell extension 'powershell' for command environment: Not usable outside of PowerShell
[2.358s] DEBUG:colcon.colcon_core.shell:Skip shell extension 'dsv' for command environment
[3.017s] DEBUG:colcon.colcon_core.event_handler.log_command:Invoking command in '/home/mohd_yasser1/Ros2_project/build/turtle_shape': PYTHONPATH=/home/mohd_yasser1/Ros2_project/build/turtle_shape/prefix_override:/home/mohd_yasser1/Ros2_project/install/turtle_shape/lib/python3.10/site-packages:${PYTHONPATH} /usr/bin/python3 setup.py develop --editable --build-directory /home/mohd_yasser1/Ros2_project/build/turtle_shape/build --no-deps install_data
[3.868s] Level 1:colcon.colcon_core.shell:create_environment_hook('turtle_shape', 'pythonpath_develop')
[3.871s] INFO:colcon.colcon_core.shell:Creating environment hook '/home/mohd_yasser1/Ros2_project/build/turtle_shape/share/turtle_shape/hook/pythonpath_develop.ps1'
[3.873s] DEBUG:colcon.colcon_core.event_handler.log_command:Invoked command in '/home/mohd_yasser1/Ros2_project/build/turtle_shape' returned '0': PYTHONPATH=/home/mohd_yasser1/Ros2_project/build/turtle_shape/prefix_override:/home/mohd_yasser1/Ros2_project/install/turtle_shape/lib/python3.10/site-packages:${PYTHONPATH} /usr/bin/python3 setup.py develop --editable --build-directory /home/mohd_yasser1/Ros2_project/build/turtle_shape/build --no-deps install_data
[3.874s] INFO:colcon.colcon_core.shell:Creating environment descriptor '/home/mohd_yasser1/Ros2_project/build/turtle_shape/share/turtle_shape/hook/pythonpath_develop.dsv'
[3.874s] INFO:colcon.colcon_core.shell:Creating environment hook '/home/mohd_yasser1/Ros2_project/build/turtle_shape/share/turtle_shape/hook/pythonpath_develop.sh'
[3.886s] Level 1:colcon.colcon_core.environment:checking '/home/mohd_yasser1/Ros2_project/install/turtle_shape' for CMake module files
[3.887s] Level 1:colcon.colcon_core.environment:checking '/home/mohd_yasser1/Ros2_project/install/turtle_shape' for CMake config files
[3.889s] Level 1:colcon.colcon_core.environment:checking '/home/mohd_yasser1/Ros2_project/install/turtle_shape/lib'
[3.889s] Level 1:colcon.colcon_core.environment:checking '/home/mohd_yasser1/Ros2_project/install/turtle_shape/bin'
[3.889s] Level 1:colcon.colcon_core.environment:checking '/home/mohd_yasser1/Ros2_project/install/turtle_shape/lib/pkgconfig/turtle_shape.pc'
[3.890s] Level 1:colcon.colcon_core.environment:checking '/home/mohd_yasser1/Ros2_project/install/turtle_shape/lib/python3.10/site-packages'
[3.890s] Level 1:colcon.colcon_core.shell:create_environment_hook('turtle_shape', 'pythonpath')
[3.893s] INFO:colcon.colcon_core.shell:Creating environment hook '/home/mohd_yasser1/Ros2_project/install/turtle_shape/share/turtle_shape/hook/pythonpath.ps1'
[3.895s] INFO:colcon.colcon_core.shell:Creating environment descriptor '/home/mohd_yasser1/Ros2_project/install/turtle_shape/share/turtle_shape/hook/pythonpath.dsv'
[3.896s] INFO:colcon.colcon_core.shell:Creating environment hook '/home/mohd_yasser1/Ros2_project/install/turtle_shape/share/turtle_shape/hook/pythonpath.sh'
[3.897s] Level 1:colcon.colcon_core.environment:checking '/home/mohd_yasser1/Ros2_project/install/turtle_shape/bin'
[3.897s] Level 1:colcon.colcon_core.environment:create_environment_scripts_only(turtle_shape)
[3.901s] INFO:colcon.colcon_core.shell:Creating package script '/home/mohd_yasser1/Ros2_project/install/turtle_shape/share/turtle_shape/package.ps1'
[3.904s] INFO:colcon.colcon_core.shell:Creating package descriptor '/home/mohd_yasser1/Ros2_project/install/turtle_shape/share/turtle_shape/package.dsv'
[3.907s] INFO:colcon.colcon_core.shell:Creating package script '/home/mohd_yasser1/Ros2_project/install/turtle_shape/share/turtle_shape/package.sh'
[3.909s] INFO:colcon.colcon_core.shell:Creating package script '/home/mohd_yasser1/Ros2_project/install/turtle_shape/share/turtle_shape/package.bash'
[3.912s] INFO:colcon.colcon_core.shell:Creating package script '/home/mohd_yasser1/Ros2_project/install/turtle_shape/share/turtle_shape/package.zsh'
[3.914s] Level 1:colcon.colcon_core.environment:create_file_with_runtime_dependencies(/home/mohd_yasser1/Ros2_project/install/turtle_shape/share/colcon-core/packages/turtle_shape)
[3.915s] INFO:colcon.colcon_ros.task.ament_cmake.build:Building ROS package in '/home/mohd_yasser1/Ros2_project/src/turtle_shape_bringup' with build type 'ament_cmake'
[3.915s] INFO:colcon.colcon_cmake.task.cmake.build:Building CMake package in '/home/mohd_yasser1/Ros2_project/src/turtle_shape_bringup'
[3.918s] INFO:colcon.colcon_core.shell:Skip shell extension 'powershell' for command environment: Not usable outside of PowerShell
[3.919s] DEBUG:colcon.colcon_core.shell:Skip shell extension 'dsv' for command environment
[4.657s] DEBUG:colcon.colcon_core.event_handler.log_command:Invoking command in '/home/mohd_yasser1/Ros2_project/build/turtle_shape_bringup': AMENT_PREFIX_PATH=/home/mohd_yasser1/Ros2_project/install/turtle_shape:/home/mohd_yasser1/Ros2_project/install/turtle_shape_bringup:/opt/ros/humble CMAKE_PREFIX_PATH=${CMAKE_PREFIX_PATH}:/home/mohd_yasser1/Ros2_project/install/turtle_shape:/opt/ros/humble /usr/bin/cmake --build /home/mohd_yasser1/Ros2_project/build/turtle_shape_bringup -- -j8 -l8
[4.804s] DEBUG:colcon.colcon_core.event_handler.log_command:Invoked command in '/home/mohd_yasser1/Ros2_project/build/turtle_shape_bringup' returned '0': AMENT_PREFIX_PATH=/home/mohd_yasser1/Ros2_project/install/turtle_shape:/home/mohd_yasser1/Ros2_project/install/turtle_shape_bringup:/opt/ros/humble CMAKE_PREFIX_PATH=${CMAKE_PREFIX_PATH}:/home/mohd_yasser1/Ros2_project/install/turtle_shape:/opt/ros/humble /usr/bin/cmake --build /home/mohd_yasser1/Ros2_project/build/turtle_shape_bringup -- -j8 -l8
[4.859s] DEBUG:colcon.colcon_core.event_handler.log_command:Invoking command in '/home/mohd_yasser1/Ros2_project/build/turtle_shape_bringup': AMENT_PREFIX_PATH=/home/mohd_yasser1/Ros2_project/install/turtle_shape:/home/mohd_yasser1/Ros2_project/install/turtle_shape_bringup:/opt/ros/humble CMAKE_PREFIX_PATH=${CMAKE_PREFIX_PATH}:/home/mohd_yasser1/Ros2_project/install/turtle_shape:/opt/ros/humble /usr/bin/cmake --install /home/mohd_yasser1/Ros2_project/build/turtle_shape_bringup
[4.899s] Level 1:colcon.colcon_core.environment:create_environment_scripts_only(turtle_shape_bringup)
[4.902s] Level 1:colcon.colcon_core.environment:checking '/home/mohd_yasser1/Ros2_project/install/turtle_shape_bringup' for CMake module files
[4.904s] DEBUG:colcon.colcon_core.event_handler.log_command:Invoked command in '/home/mohd_yasser1/Ros2_project/build/turtle_shape_bringup' returned '0': AMENT_PREFIX_PATH=/home/mohd_yasser1/Ros2_project/install/turtle_shape:/home/mohd_yasser1/Ros2_project/install/turtle_shape_bringup:/opt/ros/humble CMAKE_PREFIX_PATH=${CMAKE_PREFIX_PATH}:/home/mohd_yasser1/Ros2_project/install/turtle_shape:/opt/ros/humble /usr/bin/cmake --install /home/mohd_yasser1/Ros2_project/build/turtle_shape_bringup
[4.905s] Level 1:colcon.colcon_core.environment:checking '/home/mohd_yasser1/Ros2_project/install/turtle_shape_bringup' for CMake config files
[4.905s] Level 1:colcon.colcon_core.shell:create_environment_hook('turtle_shape_bringup', 'cmake_prefix_path')
[4.909s] INFO:colcon.colcon_core.shell:Creating environment hook '/home/mohd_yasser1/Ros2_project/install/turtle_shape_bringup/share/turtle_shape_bringup/hook/cmake_prefix_path.ps1'
[4.909s] INFO:colcon.colcon_core.shell:Creating environment descriptor '/home/mohd_yasser1/Ros2_project/install/turtle_shape_bringup/share/turtle_shape_bringup/hook/cmake_prefix_path.dsv'
[4.910s] INFO:colcon.colcon_core.shell:Creating environment hook '/home/mohd_yasser1/Ros2_project/install/turtle_shape_bringup/share/turtle_shape_bringup/hook/cmake_prefix_path.sh'
[4.911s] Level 1:colcon.colcon_core.environment:checking '/home/mohd_yasser1/Ros2_project/install/turtle_shape_bringup/bin'
[4.911s] Level 1:colcon.colcon_core.environment:checking '/home/mohd_yasser1/Ros2_project/install/turtle_shape_bringup/lib/pkgconfig/turtle_shape_bringup.pc'
[4.912s] Level 1:colcon.colcon_core.environment:checking '/home/mohd_yasser1/Ros2_project/install/turtle_shape_bringup/lib/python3.10/site-packages'
[4.912s] Level 1:colcon.colcon_core.environment:checking '/home/mohd_yasser1/Ros2_project/install/turtle_shape_bringup/bin'
[4.915s] INFO:colcon.colcon_core.shell:Creating package script '/home/mohd_yasser1/Ros2_project/install/turtle_shape_bringup/share/turtle_shape_bringup/package.ps1'
[4.916s] INFO:colcon.colcon_core.shell:Creating package descriptor '/home/mohd_yasser1/Ros2_project/install/turtle_shape_bringup/share/turtle_shape_bringup/package.dsv'
[4.916s] INFO:colcon.colcon_core.shell:Creating package script '/home/mohd_yasser1/Ros2_project/install/turtle_shape_bringup/share/turtle_shape_bringup/package.sh'
[4.917s] INFO:colcon.colcon_core.shell:Creating package script '/home/mohd_yasser1/Ros2_project/install/turtle_shape_bringup/share/turtle_shape_bringup/package.bash'
[4.918s] INFO:colcon.colcon_core.shell:Creating package script '/home/mohd_yasser1/Ros2_project/install/turtle_shape_bringup/share/turtle_shape_bringup/package.zsh'
[4.918s] Level 1:colcon.colcon_core.environment:create_file_with_runtime_dependencies(/home/mohd_yasser1/Ros2_project/install/turtle_shape_bringup/share/colcon-core/packages/turtle_shape_bringup)
[4.955s] Level 1:colcon.colcon_core.environment:create_environment_scripts_only(turtle_shape_bringup)
[4.959s] Level 1:colcon.colcon_core.environment:checking '/home/mohd_yasser1/Ros2_project/install/turtle_shape_bringup' for CMake module files
[4.960s] Level 1:colcon.colcon_core.environment:checking '/home/mohd_yasser1/Ros2_project/install/turtle_shape_bringup' for CMake config files
[4.961s] Level 1:colcon.colcon_core.shell:create_environment_hook('turtle_shape_bringup', 'cmake_prefix_path')
[4.964s] INFO:colcon.colcon_core.shell:Creating environment hook '/home/mohd_yasser1/Ros2_project/install/turtle_shape_bringup/share/turtle_shape_bringup/hook/cmake_prefix_path.ps1'
[4.965s] INFO:colcon.colcon_core.shell:Creating environment descriptor '/home/mohd_yasser1/Ros2_project/install/turtle_shape_bringup/share/turtle_shape_bringup/hook/cmake_prefix_path.dsv'
[4.966s] INFO:colcon.colcon_core.shell:Creating environment hook '/home/mohd_yasser1/Ros2_project/install/turtle_shape_bringup/share/turtle_shape_bringup/hook/cmake_prefix_path.sh'
[4.967s] Level 1:colcon.colcon_core.environment:checking '/home/mohd_yasser1/Ros2_project/install/turtle_shape_bringup/bin'
[4.967s] Level 1:colcon.colcon_core.environment:checking '/home/mohd_yasser1/Ros2_project/install/turtle_shape_bringup/lib/pkgconfig/turtle_shape_bringup.pc'
[4.968s] Level 1:colcon.colcon_core.environment:checking '/home/mohd_yasser1/Ros2_project/install/turtle_shape_bringup/lib/python3.10/site-packages'
[4.968s] Level 1:colcon.colcon_core.environment:checking '/home/mohd_yasser1/Ros2_project/install/turtle_shape_bringup/bin'
[4.970s] INFO:colcon.colcon_core.shell:Creating package script '/home/mohd_yasser1/Ros2_project/install/turtle_shape_bringup/share/turtle_shape_bringup/package.ps1'
[4.971s] INFO:colcon.colcon_core.shell:Creating package descriptor '/home/mohd_yasser1/Ros2_project/install/turtle_shape_bringup/share/turtle_shape_bringup/package.dsv'
[4.972s] INFO:colcon.colcon_core.shell:Creating package script '/home/mohd_yasser1/Ros2_project/install/turtle_shape_bringup/share/turtle_shape_bringup/package.sh'
[4.973s] INFO:colcon.colcon_core.shell:Creating package script '/home/mohd_yasser1/Ros2_project/install/turtle_shape_bringup/share/turtle_shape_bringup/package.bash'
[4.974s] INFO:colcon.colcon_core.shell:Creating package script '/home/mohd_yasser1/Ros2_project/install/turtle_shape_bringup/share/turtle_shape_bringup/package.zsh'
[4.975s] Level 1:colcon.colcon_core.environment:create_file_with_runtime_dependencies(/home/mohd_yasser1/Ros2_project/install/turtle_shape_bringup/share/colcon-core/packages/turtle_shape_bringup)
[4.976s] DEBUG:colcon.colcon_parallel_executor.executor.parallel:closing loop
[4.977s] DEBUG:colcon.colcon_parallel_executor.executor.parallel:loop closed
[4.977s] DEBUG:colcon.colcon_parallel_executor.executor.parallel:run_until_complete finished with '0'
[4.977s] DEBUG:colcon.colcon_core.event_reactor:joining thread
[5.193s] INFO:colcon.colcon_core.plugin_system:Skipping extension 'colcon_notification.desktop_notification.notify_send': Could not find 'notify-send'
[5.193s] INFO:colcon.colcon_core.plugin_system:Skipping extension 'colcon_notification.desktop_notification.terminal_notifier': Not used on non-Darwin systems
[5.195s] INFO:colcon.colcon_core.plugin_system:Skipping extension 'colcon_notification.desktop_notification.win32': Not used on non-Windows systems
[5.195s] INFO:colcon.colcon_notification.desktop_notification:Sending desktop notification using 'notify2'
[5.197s] DEBUG:colcon.colcon_notification.desktop_notification.notify2:Failed to initialize notify2: org.freedesktop.DBus.Error.FileNotFound: Failed to connect to socket /run/user/1000/bus: No such file or directory
[5.197s] DEBUG:colcon.colcon_core.event_reactor:joined thread
[5.200s] INFO:colcon.colcon_core.shell:Creating prefix script '/home/mohd_yasser1/Ros2_project/install/local_setup.ps1'
[5.201s] INFO:colcon.colcon_core.shell:Creating prefix util module '/home/mohd_yasser1/Ros2_project/install/_local_setup_util_ps1.py'
[5.204s] INFO:colcon.colcon_core.shell:Creating prefix chain script '/home/mohd_yasser1/Ros2_project/install/setup.ps1'
[5.207s] INFO:colcon.colcon_core.shell:Creating prefix script '/home/mohd_yasser1/Ros2_project/install/local_setup.sh'
[5.208s] INFO:colcon.colcon_core.shell:Creating prefix util module '/home/mohd_yasser1/Ros2_project/install/_local_setup_util_sh.py'
[5.209s] INFO:colcon.colcon_core.shell:Creating prefix chain script '/home/mohd_yasser1/Ros2_project/install/setup.sh'
[5.212s] INFO:colcon.colcon_core.shell:Creating prefix script '/home/mohd_yasser1/Ros2_project/install/local_setup.bash'
[5.213s] INFO:colcon.colcon_core.shell:Creating prefix chain script '/home/mohd_yasser1/Ros2_project/install/setup.bash'
[5.215s] INFO:colcon.colcon_core.shell:Creating prefix script '/home/mohd_yasser1/Ros2_project/install/local_setup.zsh'
[5.216s] INFO:colcon.colcon_core.shell:Creating prefix chain script '/home/mohd_yasser1/Ros2_project/install/setup.zsh'
