[0.542s] Invoking command in '/home/mohd_yasser1/Ros2_project/build/turtle_shape': PYTHONPATH=/home/mohd_yasser1/Ros2_project/build/turtle_shape/prefix_override:/home/mohd_yasser1/Ros2_project/install/turtle_shape/lib/python3.10/site-packages:${PYTHONPATH} /usr/bin/python3 setup.py develop --editable --build-directory /home/mohd_yasser1/Ros2_project/build/turtle_shape/build --no-deps install_data
[0.757s] running develop
[0.757s] /usr/lib/python3/dist-packages/setuptools/command/easy_install.py:158: EasyInstallDeprecationWarning: easy_install command is deprecated. Use build and pip and other standards-based tools.
[0.758s]   warnings.warn(
[0.759s] /usr/lib/python3/dist-packages/setuptools/command/install.py:34: SetuptoolsDeprecationWarning: setup.py install is deprecated. Use build and pip and other standards-based tools.
[0.759s]   warnings.warn(
[0.873s] running egg_info
[0.873s] writing turtle_shape.egg-info/PKG-INFO
[0.873s] writing dependency_links to turtle_shape.egg-info/dependency_links.txt
[0.874s] writing entry points to turtle_shape.egg-info/entry_points.txt
[0.874s] writing requirements to turtle_shape.egg-info/requires.txt
[0.874s] writing top-level names to turtle_shape.egg-info/top_level.txt
[0.875s] reading manifest file 'turtle_shape.egg-info/SOURCES.txt'
[0.876s] writing manifest file 'turtle_shape.egg-info/SOURCES.txt'
[0.877s] running build_ext
[0.877s] Creating /home/mohd_yasser1/Ros2_project/install/turtle_shape/lib/python3.10/site-packages/turtle-shape.egg-link (link to .)
[0.878s] Installing shapeNode script to /home/mohd_yasser1/Ros2_project/install/turtle_shape/lib/turtle_shape
[0.878s] Installing turtleCommander script to /home/mohd_yasser1/Ros2_project/install/turtle_shape/lib/turtle_shape
[0.878s] 
[0.878s] Installed /home/mohd_yasser1/Ros2_project/build/turtle_shape
[0.879s] running install_data
[0.903s] Invoked command in '/home/mohd_yasser1/Ros2_project/build/turtle_shape' returned '0': PYTHONPATH=/home/mohd_yasser1/Ros2_project/build/turtle_shape/prefix_override:/home/mohd_yasser1/Ros2_project/install/turtle_shape/lib/python3.10/site-packages:${PYTHONPATH} /usr/bin/python3 setup.py develop --editable --build-directory /home/mohd_yasser1/Ros2_project/build/turtle_shape/build --no-deps install_data
