running develop
/usr/lib/python3/dist-packages/setuptools/command/easy_install.py:158: EasyInstallDeprecationWarning: easy_install command is deprecated. Use build and pip and other standards-based tools.
  warnings.warn(
/usr/lib/python3/dist-packages/setuptools/command/install.py:34: SetuptoolsDeprecationWarning: setup.py install is deprecated. Use build and pip and other standards-based tools.
  warnings.warn(
running egg_info
writing ../../build/turtle_shape/turtle_shape.egg-info/PKG-INFO
writing dependency_links to ../../build/turtle_shape/turtle_shape.egg-info/dependency_links.txt
writing entry points to ../../build/turtle_shape/turtle_shape.egg-info/entry_points.txt
writing requirements to ../../build/turtle_shape/turtle_shape.egg-info/requires.txt
writing top-level names to ../../build/turtle_shape/turtle_shape.egg-info/top_level.txt
reading manifest file '../../build/turtle_shape/turtle_shape.egg-info/SOURCES.txt'
writing manifest file '../../build/turtle_shape/turtle_shape.egg-info/SOURCES.txt'
running build
running build_py
running install
/usr/lib/python3/dist-packages/setuptools/command/install.py:34: SetuptoolsDeprecationWarning: setup.py install is deprecated. Use build and pip and other standards-based tools.
  warnings.warn(
running install_lib
running install_data
running install_egg_info
removing '/home/mohd_yasser1/Ros2_project/install/turtle_shape/lib/python3.10/site-packages/turtle_shape-0.0.0-py3.10.egg-info' (and everything under it)
Copying ../../build/turtle_shape/turtle_shape.egg-info to /home/mohd_yasser1/Ros2_project/install/turtle_shape/lib/python3.10/site-packages/turtle_shape-0.0.0-py3.10.egg-info
running install_scripts
Installing shapeNode script to /home/mohd_yasser1/Ros2_project/install/turtle_shape/lib/turtle_shape
Installing turtleCommander script to /home/mohd_yasser1/Ros2_project/install/turtle_shape/lib/turtle_shape
writing list of installed files to '/home/mohd_yasser1/Ros2_project/build/turtle_shape/install.log'
