-- Found ament_cmake: 1.3.5 (/opt/ros/humble/share/ament_cmake/cmake)
-- Override CMake install command with custom implementation using symlinks instead of copying resources
-- Configuring done
-- Generating done
-- Build files have been written to: /home/mohd_yasser1/Ros2_project/build/turtle_shape_bringup
-- Install configuration: ""
-- Execute custom install script
-- Symlinking: /home/mohd_yasser1/Ros2_project/install/turtle_shape_bringup/share/turtle_shape_bringup/launch/turtleDraw.launch.py
-- Symlinking: /home/mohd_yasser1/Ros2_project/install/turtle_shape_bringup/share/ament_index/resource_index/package_run_dependencies/turtle_shape_bringup
-- Symlinking: /home/mohd_yasser1/Ros2_project/install/turtle_shape_bringup/share/ament_index/resource_index/parent_prefix_path/turtle_shape_bringup
-- Symlinking: /home/mohd_yasser1/Ros2_project/install/turtle_shape_bringup/share/turtle_shape_bringup/environment/ament_prefix_path.sh
-- Symlinking: /home/mohd_yasser1/Ros2_project/install/turtle_shape_bringup/share/turtle_shape_bringup/environment/ament_prefix_path.dsv
-- Symlinking: /home/mohd_yasser1/Ros2_project/install/turtle_shape_bringup/share/turtle_shape_bringup/environment/path.sh
-- Symlinking: /home/mohd_yasser1/Ros2_project/install/turtle_shape_bringup/share/turtle_shape_bringup/environment/path.dsv
-- Symlinking: /home/mohd_yasser1/Ros2_project/install/turtle_shape_bringup/share/turtle_shape_bringup/local_setup.bash
-- Symlinking: /home/mohd_yasser1/Ros2_project/install/turtle_shape_bringup/share/turtle_shape_bringup/local_setup.sh
-- Symlinking: /home/mohd_yasser1/Ros2_project/install/turtle_shape_bringup/share/turtle_shape_bringup/local_setup.zsh
-- Symlinking: /home/mohd_yasser1/Ros2_project/install/turtle_shape_bringup/share/turtle_shape_bringup/local_setup.dsv
-- Symlinking: /home/mohd_yasser1/Ros2_project/install/turtle_shape_bringup/share/turtle_shape_bringup/package.dsv
-- Symlinking: /home/mohd_yasser1/Ros2_project/install/turtle_shape_bringup/share/ament_index/resource_index/packages/turtle_shape_bringup
-- Symlinking: /home/mohd_yasser1/Ros2_project/install/turtle_shape_bringup/share/turtle_shape_bringup/cmake/turtle_shape_bringupConfig.cmake
-- Symlinking: /home/mohd_yasser1/Ros2_project/install/turtle_shape_bringup/share/turtle_shape_bringup/cmake/turtle_shape_bringupConfig-version.cmake
-- Symlinking: /home/mohd_yasser1/Ros2_project/install/turtle_shape_bringup/share/turtle_shape_bringup/package.xml
