-- Found ament_cmake: 1.3.5 (/opt/ros/humble/share/ament_cmake/cmake)
-- Configuring done
-- Generating done
-- Build files have been written to: /home/mohd_yasser1/Ros2_project/build/turtle_shape_bringup
-- Install configuration: ""
-- Up-to-date: /home/mohd_yasser1/Ros2_project/install/turtle_shape_bringup/share/turtle_shape_bringup/launch
-- Installing: /home/mohd_yasser1/Ros2_project/install/turtle_shape_bringup/share/turtle_shape_bringup/launch/turtleDraw.lauch.py
-- Up-to-date: /home/mohd_yasser1/Ros2_project/install/turtle_shape_bringup/share/ament_index/resource_index/package_run_dependencies/turtle_shape_bringup
-- Installing: /home/mohd_yasser1/Ros2_project/install/turtle_shape_bringup/share/ament_index/resource_index/parent_prefix_path/turtle_shape_bringup
-- Up-to-date: /home/mohd_yasser1/Ros2_project/install/turtle_shape_bringup/share/turtle_shape_bringup/environment/ament_prefix_path.sh
-- Installing: /home/mohd_yasser1/Ros2_project/install/turtle_shape_bringup/share/turtle_shape_bringup/environment/ament_prefix_path.dsv
-- Up-to-date: /home/mohd_yasser1/Ros2_project/install/turtle_shape_bringup/share/turtle_shape_bringup/environment/path.sh
-- Installing: /home/mohd_yasser1/Ros2_project/install/turtle_shape_bringup/share/turtle_shape_bringup/environment/path.dsv
-- Up-to-date: /home/mohd_yasser1/Ros2_project/install/turtle_shape_bringup/share/turtle_shape_bringup/local_setup.bash
-- Up-to-date: /home/mohd_yasser1/Ros2_project/install/turtle_shape_bringup/share/turtle_shape_bringup/local_setup.sh
-- Up-to-date: /home/mohd_yasser1/Ros2_project/install/turtle_shape_bringup/share/turtle_shape_bringup/local_setup.zsh
-- Installing: /home/mohd_yasser1/Ros2_project/install/turtle_shape_bringup/share/turtle_shape_bringup/local_setup.dsv
-- Installing: /home/mohd_yasser1/Ros2_project/install/turtle_shape_bringup/share/turtle_shape_bringup/package.dsv
-- Up-to-date: /home/mohd_yasser1/Ros2_project/install/turtle_shape_bringup/share/ament_index/resource_index/packages/turtle_shape_bringup
-- Up-to-date: /home/mohd_yasser1/Ros2_project/install/turtle_shape_bringup/share/turtle_shape_bringup/cmake/turtle_shape_bringupConfig.cmake
-- Up-to-date: /home/mohd_yasser1/Ros2_project/install/turtle_shape_bringup/share/turtle_shape_bringup/cmake/turtle_shape_bringupConfig-version.cmake
-- Installing: /home/mohd_yasser1/Ros2_project/install/turtle_shape_bringup/share/turtle_shape_bringup/package.xml
