[0.220s] Invoking command in '/home/mohd_yasser1/Ros2_project/build/turtle_shape_bringup': CMAKE_PREFIX_PATH=/home/mohd_yasser1/Ros2_project/install/turtle_shape:/opt/ros/humble PYTHONPATH=/home/mohd_yasser1/Ros2_project/install/turtle_shape/lib/python3.10/site-packages:/home/mohd_yasser1/Ros2_project/build/turtle_shape:/opt/ros/humble/lib/python3.10/site-packages:/opt/ros/humble/local/lib/python3.10/dist-packages /usr/bin/cmake /home/mohd_yasser1/Ros2_project/src/turtle_shape_bringup -DCMAKE_INSTALL_PREFIX=/home/mohd_yasser1/Ros2_project/install/turtle_shape_bringup
[0.692s] -- The C compiler identification is GNU 11.4.0
[1.868s] -- The CXX compiler identification is GNU 11.4.0
[3.086s] -- Detecting C compiler ABI info
[3.690s] -- Detecting C compiler ABI info - done
[3.705s] -- Check for working C compiler: /usr/bin/cc - skipped
[3.707s] -- Detecting C compile features
[3.709s] -- Detecting C compile features - done
[3.718s] -- Detecting CXX compiler ABI info
[4.389s] -- Detecting CXX compiler ABI info - done
[4.405s] -- Check for working CXX compiler: /usr/bin/c++ - skipped
[4.405s] -- Detecting CXX compile features
[4.406s] -- Detecting CXX compile features - done
[4.414s] -- Found ament_cmake: 1.3.5 (/opt/ros/humble/share/ament_cmake/cmake)
[4.753s] -- Found Python3: /usr/bin/python3.10 (found version "3.10.12") found components: Interpreter 
[5.135s] -- Configuring done
[5.141s] -- Generating done
[5.143s] -- Build files have been written to: /home/mohd_yasser1/Ros2_project/build/turtle_shape_bringup
[5.150s] Invoked command in '/home/mohd_yasser1/Ros2_project/build/turtle_shape_bringup' returned '0': CMAKE_PREFIX_PATH=/home/mohd_yasser1/Ros2_project/install/turtle_shape:/opt/ros/humble PYTHONPATH=/home/mohd_yasser1/Ros2_project/install/turtle_shape/lib/python3.10/site-packages:/home/mohd_yasser1/Ros2_project/build/turtle_shape:/opt/ros/humble/lib/python3.10/site-packages:/opt/ros/humble/local/lib/python3.10/dist-packages /usr/bin/cmake /home/mohd_yasser1/Ros2_project/src/turtle_shape_bringup -DCMAKE_INSTALL_PREFIX=/home/mohd_yasser1/Ros2_project/install/turtle_shape_bringup
[5.157s] Invoking command in '/home/mohd_yasser1/Ros2_project/build/turtle_shape_bringup': CMAKE_PREFIX_PATH=/home/mohd_yasser1/Ros2_project/install/turtle_shape:/opt/ros/humble PYTHONPATH=/home/mohd_yasser1/Ros2_project/install/turtle_shape/lib/python3.10/site-packages:/home/mohd_yasser1/Ros2_project/build/turtle_shape:/opt/ros/humble/lib/python3.10/site-packages:/opt/ros/humble/local/lib/python3.10/dist-packages /usr/bin/cmake --build /home/mohd_yasser1/Ros2_project/build/turtle_shape_bringup -- -j8 -l8
[5.212s] Invoked command in '/home/mohd_yasser1/Ros2_project/build/turtle_shape_bringup' returned '0': CMAKE_PREFIX_PATH=/home/mohd_yasser1/Ros2_project/install/turtle_shape:/opt/ros/humble PYTHONPATH=/home/mohd_yasser1/Ros2_project/install/turtle_shape/lib/python3.10/site-packages:/home/mohd_yasser1/Ros2_project/build/turtle_shape:/opt/ros/humble/lib/python3.10/site-packages:/opt/ros/humble/local/lib/python3.10/dist-packages /usr/bin/cmake --build /home/mohd_yasser1/Ros2_project/build/turtle_shape_bringup -- -j8 -l8
[5.258s] Invoking command in '/home/mohd_yasser1/Ros2_project/build/turtle_shape_bringup': CMAKE_PREFIX_PATH=/home/mohd_yasser1/Ros2_project/install/turtle_shape:/opt/ros/humble PYTHONPATH=/home/mohd_yasser1/Ros2_project/install/turtle_shape/lib/python3.10/site-packages:/home/mohd_yasser1/Ros2_project/build/turtle_shape:/opt/ros/humble/lib/python3.10/site-packages:/opt/ros/humble/local/lib/python3.10/dist-packages /usr/bin/cmake --install /home/mohd_yasser1/Ros2_project/build/turtle_shape_bringup
[5.270s] -- Install configuration: ""
[5.271s] -- Installing: /home/mohd_yasser1/Ros2_project/install/turtle_shape_bringup/share/turtle_shape_bringup/launch
[5.271s] -- Installing: /home/mohd_yasser1/Ros2_project/install/turtle_shape_bringup/share/turtle_shape_bringup/launch/turtleDraw.lauch.py
[5.272s] -- Installing: /home/mohd_yasser1/Ros2_project/install/turtle_shape_bringup/share/ament_index/resource_index/package_run_dependencies/turtle_shape_bringup
[5.272s] -- Installing: /home/mohd_yasser1/Ros2_project/install/turtle_shape_bringup/share/ament_index/resource_index/parent_prefix_path/turtle_shape_bringup
[5.273s] -- Installing: /home/mohd_yasser1/Ros2_project/install/turtle_shape_bringup/share/turtle_shape_bringup/environment/ament_prefix_path.sh
[5.273s] -- Installing: /home/mohd_yasser1/Ros2_project/install/turtle_shape_bringup/share/turtle_shape_bringup/environment/ament_prefix_path.dsv
[5.274s] -- Installing: /home/mohd_yasser1/Ros2_project/install/turtle_shape_bringup/share/turtle_shape_bringup/environment/path.sh
[5.274s] -- Installing: /home/mohd_yasser1/Ros2_project/install/turtle_shape_bringup/share/turtle_shape_bringup/environment/path.dsv
[5.274s] -- Installing: /home/mohd_yasser1/Ros2_project/install/turtle_shape_bringup/share/turtle_shape_bringup/local_setup.bash
[5.275s] -- Installing: /home/mohd_yasser1/Ros2_project/install/turtle_shape_bringup/share/turtle_shape_bringup/local_setup.sh
[5.275s] -- Installing: /home/mohd_yasser1/Ros2_project/install/turtle_shape_bringup/share/turtle_shape_bringup/local_setup.zsh
[5.276s] -- Installing: /home/mohd_yasser1/Ros2_project/install/turtle_shape_bringup/share/turtle_shape_bringup/local_setup.dsv
[5.276s] -- Installing: /home/mohd_yasser1/Ros2_project/install/turtle_shape_bringup/share/turtle_shape_bringup/package.dsv
[5.276s] -- Installing: /home/mohd_yasser1/Ros2_project/install/turtle_shape_bringup/share/ament_index/resource_index/packages/turtle_shape_bringup
[5.277s] -- Installing: /home/mohd_yasser1/Ros2_project/install/turtle_shape_bringup/share/turtle_shape_bringup/cmake/turtle_shape_bringupConfig.cmake
[5.277s] -- Installing: /home/mohd_yasser1/Ros2_project/install/turtle_shape_bringup/share/turtle_shape_bringup/cmake/turtle_shape_bringupConfig-version.cmake
[5.278s] -- Installing: /home/mohd_yasser1/Ros2_project/install/turtle_shape_bringup/share/turtle_shape_bringup/package.xml
[5.286s] Invoked command in '/home/mohd_yasser1/Ros2_project/build/turtle_shape_bringup' returned '0': CMAKE_PREFIX_PATH=/home/mohd_yasser1/Ros2_project/install/turtle_shape:/opt/ros/humble PYTHONPATH=/home/mohd_yasser1/Ros2_project/install/turtle_shape/lib/python3.10/site-packages:/home/mohd_yasser1/Ros2_project/build/turtle_shape:/opt/ros/humble/lib/python3.10/site-packages:/opt/ros/humble/local/lib/python3.10/dist-packages /usr/bin/cmake --install /home/mohd_yasser1/Ros2_project/build/turtle_shape_bringup
