[1.003s] DEBUG:colcon:Command line arguments: ['/usr/bin/colcon', 'build', '--symlink-install']
[1.003s] DEBUG:colcon:Parsed command line arguments: Namespace(log_base=None, log_level=None, verb_name='build', build_base='build', install_base='install', merge_install=False, symlink_install=True, test_result_base=None, continue_on_error=False, executor='parallel', parallel_workers=8, event_handlers=None, ignore_user_meta=False, metas=['./colcon.meta'], base_paths=['.'], packages_ignore=None, packages_ignore_regex=None, paths=None, packages_up_to=None, packages_up_to_regex=None, packages_above=None, packages_above_and_dependencies=None, packages_above_depth=None, packages_select_by_dep=None, packages_skip_by_dep=None, packages_skip_up_to=None, packages_select_build_failed=False, packages_skip_build_finished=False, packages_select_test_failures=False, packages_skip_test_passed=False, packages_select=None, packages_skip=None, packages_select_regex=None, packages_skip_regex=None, packages_start=None, packages_end=None, allow_overriding=[], cmake_args=None, cmake_target=None, cmake_target_skip_unavailable=False, cmake_clean_cache=False, cmake_clean_first=False, cmake_force_configure=False, ament_cmake_args=None, catkin_cmake_args=None, catkin_skip_building_tests=False, verb_parser=<colcon_defaults.argument_parser.defaults.DefaultArgumentsDecorator object at 0x7ff6c5f4d300>, verb_extension=<colcon_core.verb.build.BuildVerb object at 0x7ff6c675c700>, main=<bound method BuildVerb.main of <colcon_core.verb.build.BuildVerb object at 0x7ff6c675c700>>)
[1.065s] Level 1:colcon.colcon_core.package_discovery:discover_packages(colcon_meta) check parameters
[1.065s] Level 1:colcon.colcon_core.package_discovery:discover_packages(recursive) check parameters
[1.065s] Level 1:colcon.colcon_core.package_discovery:discover_packages(ignore) check parameters
[1.065s] Level 1:colcon.colcon_core.package_discovery:discover_packages(path) check parameters
[1.065s] Level 1:colcon.colcon_core.package_discovery:discover_packages(colcon_meta) discover
[1.065s] Level 1:colcon.colcon_core.package_discovery:discover_packages(recursive) discover
[1.065s] INFO:colcon.colcon_core.package_discovery:Crawling recursively for packages in '/home/mohd_yasser1/Ros2_project'
[1.065s] Level 1:colcon.colcon_core.package_identification:_identify(.) by extensions ['ignore', 'ignore_ament_install']
[1.066s] Level 1:colcon.colcon_core.package_identification:_identify(.) by extension 'ignore'
[1.066s] Level 1:colcon.colcon_core.package_identification:_identify(.) by extension 'ignore_ament_install'
[1.066s] Level 1:colcon.colcon_core.package_identification:_identify(.) by extensions ['colcon_pkg']
[1.066s] Level 1:colcon.colcon_core.package_identification:_identify(.) by extension 'colcon_pkg'
[1.066s] Level 1:colcon.colcon_core.package_identification:_identify(.) by extensions ['colcon_meta']
[1.066s] Level 1:colcon.colcon_core.package_identification:_identify(.) by extension 'colcon_meta'
[1.066s] Level 1:colcon.colcon_core.package_identification:_identify(.) by extensions ['ros']
[1.066s] Level 1:colcon.colcon_core.package_identification:_identify(.) by extension 'ros'
[1.092s] Level 1:colcon.colcon_core.package_identification:_identify(.) by extensions ['cmake', 'python']
[1.092s] Level 1:colcon.colcon_core.package_identification:_identify(.) by extension 'cmake'
[1.092s] Level 1:colcon.colcon_core.package_identification:_identify(.) by extension 'python'
[1.092s] Level 1:colcon.colcon_core.package_identification:_identify(.) by extensions ['python_setup_py']
[1.092s] Level 1:colcon.colcon_core.package_identification:_identify(.) by extension 'python_setup_py'
[1.092s] Level 1:colcon.colcon_core.package_identification:_identify(build) by extensions ['ignore', 'ignore_ament_install']
[1.092s] Level 1:colcon.colcon_core.package_identification:_identify(build) by extension 'ignore'
[1.093s] Level 1:colcon.colcon_core.package_identification:_identify(build) ignored
[1.093s] Level 1:colcon.colcon_core.package_identification:_identify(install) by extensions ['ignore', 'ignore_ament_install']
[1.093s] Level 1:colcon.colcon_core.package_identification:_identify(install) by extension 'ignore'
[1.093s] Level 1:colcon.colcon_core.package_identification:_identify(install) ignored
[1.093s] Level 1:colcon.colcon_core.package_identification:_identify(log) by extensions ['ignore', 'ignore_ament_install']
[1.093s] Level 1:colcon.colcon_core.package_identification:_identify(log) by extension 'ignore'
[1.094s] Level 1:colcon.colcon_core.package_identification:_identify(log) ignored
[1.094s] Level 1:colcon.colcon_core.package_identification:_identify(src) by extensions ['ignore', 'ignore_ament_install']
[1.094s] Level 1:colcon.colcon_core.package_identification:_identify(src) by extension 'ignore'
[1.094s] Level 1:colcon.colcon_core.package_identification:_identify(src) by extension 'ignore_ament_install'
[1.094s] Level 1:colcon.colcon_core.package_identification:_identify(src) by extensions ['colcon_pkg']
[1.094s] Level 1:colcon.colcon_core.package_identification:_identify(src) by extension 'colcon_pkg'
[1.094s] Level 1:colcon.colcon_core.package_identification:_identify(src) by extensions ['colcon_meta']
[1.094s] Level 1:colcon.colcon_core.package_identification:_identify(src) by extension 'colcon_meta'
[1.094s] Level 1:colcon.colcon_core.package_identification:_identify(src) by extensions ['ros']
[1.094s] Level 1:colcon.colcon_core.package_identification:_identify(src) by extension 'ros'
[1.095s] Level 1:colcon.colcon_core.package_identification:_identify(src) by extensions ['cmake', 'python']
[1.095s] Level 1:colcon.colcon_core.package_identification:_identify(src) by extension 'cmake'
[1.095s] Level 1:colcon.colcon_core.package_identification:_identify(src) by extension 'python'
[1.095s] Level 1:colcon.colcon_core.package_identification:_identify(src) by extensions ['python_setup_py']
[1.095s] Level 1:colcon.colcon_core.package_identification:_identify(src) by extension 'python_setup_py'
[1.095s] Level 1:colcon.colcon_core.package_identification:_identify(src/turtle_shape) by extensions ['ignore', 'ignore_ament_install']
[1.095s] Level 1:colcon.colcon_core.package_identification:_identify(src/turtle_shape) by extension 'ignore'
[1.095s] Level 1:colcon.colcon_core.package_identification:_identify(src/turtle_shape) by extension 'ignore_ament_install'
[1.095s] Level 1:colcon.colcon_core.package_identification:_identify(src/turtle_shape) by extensions ['colcon_pkg']
[1.095s] Level 1:colcon.colcon_core.package_identification:_identify(src/turtle_shape) by extension 'colcon_pkg'
[1.096s] Level 1:colcon.colcon_core.package_identification:_identify(src/turtle_shape) by extensions ['colcon_meta']
[1.096s] Level 1:colcon.colcon_core.package_identification:_identify(src/turtle_shape) by extension 'colcon_meta'
[1.096s] Level 1:colcon.colcon_core.package_identification:_identify(src/turtle_shape) by extensions ['ros']
[1.096s] Level 1:colcon.colcon_core.package_identification:_identify(src/turtle_shape) by extension 'ros'
[1.101s] DEBUG:colcon.colcon_core.package_identification:Package 'src/turtle_shape' with type 'ros.ament_python' and name 'turtle_shape'
[1.101s] Level 1:colcon.colcon_core.package_identification:_identify(src/turtle_shape_bringup) by extensions ['ignore', 'ignore_ament_install']
[1.101s] Level 1:colcon.colcon_core.package_identification:_identify(src/turtle_shape_bringup) by extension 'ignore'
[1.101s] Level 1:colcon.colcon_core.package_identification:_identify(src/turtle_shape_bringup) by extension 'ignore_ament_install'
[1.101s] Level 1:colcon.colcon_core.package_identification:_identify(src/turtle_shape_bringup) by extensions ['colcon_pkg']
[1.101s] Level 1:colcon.colcon_core.package_identification:_identify(src/turtle_shape_bringup) by extension 'colcon_pkg'
[1.101s] Level 1:colcon.colcon_core.package_identification:_identify(src/turtle_shape_bringup) by extensions ['colcon_meta']
[1.101s] Level 1:colcon.colcon_core.package_identification:_identify(src/turtle_shape_bringup) by extension 'colcon_meta'
[1.102s] Level 1:colcon.colcon_core.package_identification:_identify(src/turtle_shape_bringup) by extensions ['ros']
[1.102s] Level 1:colcon.colcon_core.package_identification:_identify(src/turtle_shape_bringup) by extension 'ros'
[1.103s] DEBUG:colcon.colcon_core.package_identification:Package 'src/turtle_shape_bringup' with type 'ros.ament_cmake' and name 'turtle_shape_bringup'
[1.103s] Level 1:colcon.colcon_core.package_discovery:discover_packages(recursive) using defaults
[1.103s] Level 1:colcon.colcon_core.package_discovery:discover_packages(ignore) discover
[1.104s] Level 1:colcon.colcon_core.package_discovery:discover_packages(ignore) using defaults
[1.104s] Level 1:colcon.colcon_core.package_discovery:discover_packages(path) discover
[1.104s] Level 1:colcon.colcon_core.package_discovery:discover_packages(path) using defaults
[1.168s] Level 1:colcon.colcon_core.package_discovery:discover_packages(prefix_path) check parameters
[1.168s] Level 1:colcon.colcon_core.package_discovery:discover_packages(prefix_path) discover
[1.173s] DEBUG:colcon.colcon_installed_package_information.package_discovery:Found 2 installed packages in /home/mohd_yasser1/Ros2_project/install
[1.175s] DEBUG:colcon.colcon_installed_package_information.package_discovery:Found 276 installed packages in /opt/ros/humble
[1.179s] Level 1:colcon.colcon_core.package_discovery:discover_packages(prefix_path) using defaults
[1.295s] Level 5:colcon.colcon_core.verb:set package 'turtle_shape' build argument 'cmake_args' from command line to 'None'
[1.295s] Level 5:colcon.colcon_core.verb:set package 'turtle_shape' build argument 'cmake_target' from command line to 'None'
[1.295s] Level 5:colcon.colcon_core.verb:set package 'turtle_shape' build argument 'cmake_target_skip_unavailable' from command line to 'False'
[1.295s] Level 5:colcon.colcon_core.verb:set package 'turtle_shape' build argument 'cmake_clean_cache' from command line to 'False'
[1.295s] Level 5:colcon.colcon_core.verb:set package 'turtle_shape' build argument 'cmake_clean_first' from command line to 'False'
[1.296s] Level 5:colcon.colcon_core.verb:set package 'turtle_shape' build argument 'cmake_force_configure' from command line to 'False'
[1.296s] Level 5:colcon.colcon_core.verb:set package 'turtle_shape' build argument 'ament_cmake_args' from command line to 'None'
[1.296s] Level 5:colcon.colcon_core.verb:set package 'turtle_shape' build argument 'catkin_cmake_args' from command line to 'None'
[1.296s] Level 5:colcon.colcon_core.verb:set package 'turtle_shape' build argument 'catkin_skip_building_tests' from command line to 'False'
[1.296s] DEBUG:colcon.colcon_core.verb:Building package 'turtle_shape' with the following arguments: {'ament_cmake_args': None, 'build_base': '/home/mohd_yasser1/Ros2_project/build/turtle_shape', 'catkin_cmake_args': None, 'catkin_skip_building_tests': False, 'cmake_args': None, 'cmake_clean_cache': False, 'cmake_clean_first': False, 'cmake_force_configure': False, 'cmake_target': None, 'cmake_target_skip_unavailable': False, 'install_base': '/home/mohd_yasser1/Ros2_project/install/turtle_shape', 'merge_install': False, 'path': '/home/mohd_yasser1/Ros2_project/src/turtle_shape', 'symlink_install': True, 'test_result_base': None}
[1.298s] Level 5:colcon.colcon_core.verb:set package 'turtle_shape_bringup' build argument 'cmake_args' from command line to 'None'
[1.298s] Level 5:colcon.colcon_core.verb:set package 'turtle_shape_bringup' build argument 'cmake_target' from command line to 'None'
[1.298s] Level 5:colcon.colcon_core.verb:set package 'turtle_shape_bringup' build argument 'cmake_target_skip_unavailable' from command line to 'False'
[1.298s] Level 5:colcon.colcon_core.verb:set package 'turtle_shape_bringup' build argument 'cmake_clean_cache' from command line to 'False'
[1.298s] Level 5:colcon.colcon_core.verb:set package 'turtle_shape_bringup' build argument 'cmake_clean_first' from command line to 'False'
[1.298s] Level 5:colcon.colcon_core.verb:set package 'turtle_shape_bringup' build argument 'cmake_force_configure' from command line to 'False'
[1.298s] Level 5:colcon.colcon_core.verb:set package 'turtle_shape_bringup' build argument 'ament_cmake_args' from command line to 'None'
[1.298s] Level 5:colcon.colcon_core.verb:set package 'turtle_shape_bringup' build argument 'catkin_cmake_args' from command line to 'None'
[1.298s] Level 5:colcon.colcon_core.verb:set package 'turtle_shape_bringup' build argument 'catkin_skip_building_tests' from command line to 'False'
[1.298s] DEBUG:colcon.colcon_core.verb:Building package 'turtle_shape_bringup' with the following arguments: {'ament_cmake_args': None, 'build_base': '/home/mohd_yasser1/Ros2_project/build/turtle_shape_bringup', 'catkin_cmake_args': None, 'catkin_skip_building_tests': False, 'cmake_args': None, 'cmake_clean_cache': False, 'cmake_clean_first': False, 'cmake_force_configure': False, 'cmake_target': None, 'cmake_target_skip_unavailable': False, 'install_base': '/home/mohd_yasser1/Ros2_project/install/turtle_shape_bringup', 'merge_install': False, 'path': '/home/mohd_yasser1/Ros2_project/src/turtle_shape_bringup', 'symlink_install': True, 'test_result_base': None}
[1.299s] INFO:colcon.colcon_core.executor:Executing jobs using 'parallel' executor
[1.306s] DEBUG:colcon.colcon_parallel_executor.executor.parallel:run_until_complete
[1.306s] INFO:colcon.colcon_ros.task.ament_python.build:Building ROS package in '/home/mohd_yasser1/Ros2_project/src/turtle_shape' with build type 'ament_python'
[1.306s] Level 1:colcon.colcon_core.shell:create_environment_hook('turtle_shape', 'ament_prefix_path')
[1.316s] INFO:colcon.colcon_core.plugin_system:Skipping extension 'colcon_core.shell.bat': Not used on non-Windows systems
[1.316s] INFO:colcon.colcon_core.shell:Creating environment hook '/home/mohd_yasser1/Ros2_project/install/turtle_shape/share/turtle_shape/hook/ament_prefix_path.ps1'
[1.317s] INFO:colcon.colcon_core.shell:Creating environment descriptor '/home/mohd_yasser1/Ros2_project/install/turtle_shape/share/turtle_shape/hook/ament_prefix_path.dsv'
[1.318s] INFO:colcon.colcon_core.shell:Creating environment hook '/home/mohd_yasser1/Ros2_project/install/turtle_shape/share/turtle_shape/hook/ament_prefix_path.sh'
[1.322s] INFO:colcon.colcon_core.shell:Skip shell extension 'powershell' for command environment: Not usable outside of PowerShell
[1.323s] DEBUG:colcon.colcon_core.shell:Skip shell extension 'dsv' for command environment
[1.806s] INFO:colcon.colcon_core.task.python.build:Building Python package in '/home/mohd_yasser1/Ros2_project/src/turtle_shape'
[1.808s] INFO:colcon.colcon_core.shell:Skip shell extension 'powershell' for command environment: Not usable outside of PowerShell
[1.808s] DEBUG:colcon.colcon_core.shell:Skip shell extension 'dsv' for command environment
[2.407s] DEBUG:colcon.colcon_core.event_handler.log_command:Invoking command in '/home/mohd_yasser1/Ros2_project/build/turtle_shape': PYTHONPATH=/home/mohd_yasser1/Ros2_project/build/turtle_shape/prefix_override:/home/mohd_yasser1/Ros2_project/install/turtle_shape/lib/python3.10/site-packages:${PYTHONPATH} /usr/bin/python3 setup.py develop --editable --build-directory /home/mohd_yasser1/Ros2_project/build/turtle_shape/build --no-deps install_data
[3.160s] Level 1:colcon.colcon_core.shell:create_environment_hook('turtle_shape', 'pythonpath_develop')
[3.162s] INFO:colcon.colcon_core.shell:Creating environment hook '/home/mohd_yasser1/Ros2_project/build/turtle_shape/share/turtle_shape/hook/pythonpath_develop.ps1'
[3.164s] DEBUG:colcon.colcon_core.event_handler.log_command:Invoked command in '/home/mohd_yasser1/Ros2_project/build/turtle_shape' returned '0': PYTHONPATH=/home/mohd_yasser1/Ros2_project/build/turtle_shape/prefix_override:/home/mohd_yasser1/Ros2_project/install/turtle_shape/lib/python3.10/site-packages:${PYTHONPATH} /usr/bin/python3 setup.py develop --editable --build-directory /home/mohd_yasser1/Ros2_project/build/turtle_shape/build --no-deps install_data
[3.164s] INFO:colcon.colcon_core.shell:Creating environment descriptor '/home/mohd_yasser1/Ros2_project/build/turtle_shape/share/turtle_shape/hook/pythonpath_develop.dsv'
[3.165s] INFO:colcon.colcon_core.shell:Creating environment hook '/home/mohd_yasser1/Ros2_project/build/turtle_shape/share/turtle_shape/hook/pythonpath_develop.sh'
[3.174s] Level 1:colcon.colcon_core.environment:checking '/home/mohd_yasser1/Ros2_project/install/turtle_shape' for CMake module files
[3.175s] Level 1:colcon.colcon_core.environment:checking '/home/mohd_yasser1/Ros2_project/install/turtle_shape' for CMake config files
[3.176s] Level 1:colcon.colcon_core.environment:checking '/home/mohd_yasser1/Ros2_project/install/turtle_shape/lib'
[3.176s] Level 1:colcon.colcon_core.environment:checking '/home/mohd_yasser1/Ros2_project/install/turtle_shape/bin'
[3.176s] Level 1:colcon.colcon_core.environment:checking '/home/mohd_yasser1/Ros2_project/install/turtle_shape/lib/pkgconfig/turtle_shape.pc'
[3.177s] Level 1:colcon.colcon_core.environment:checking '/home/mohd_yasser1/Ros2_project/install/turtle_shape/lib/python3.10/site-packages'
[3.177s] Level 1:colcon.colcon_core.shell:create_environment_hook('turtle_shape', 'pythonpath')
[3.179s] INFO:colcon.colcon_core.shell:Creating environment hook '/home/mohd_yasser1/Ros2_project/install/turtle_shape/share/turtle_shape/hook/pythonpath.ps1'
[3.180s] INFO:colcon.colcon_core.shell:Creating environment descriptor '/home/mohd_yasser1/Ros2_project/install/turtle_shape/share/turtle_shape/hook/pythonpath.dsv'
[3.180s] INFO:colcon.colcon_core.shell:Creating environment hook '/home/mohd_yasser1/Ros2_project/install/turtle_shape/share/turtle_shape/hook/pythonpath.sh'
[3.181s] Level 1:colcon.colcon_core.environment:checking '/home/mohd_yasser1/Ros2_project/install/turtle_shape/bin'
[3.181s] Level 1:colcon.colcon_core.environment:create_environment_scripts_only(turtle_shape)
[3.184s] INFO:colcon.colcon_core.shell:Creating package script '/home/mohd_yasser1/Ros2_project/install/turtle_shape/share/turtle_shape/package.ps1'
[3.186s] INFO:colcon.colcon_core.shell:Creating package descriptor '/home/mohd_yasser1/Ros2_project/install/turtle_shape/share/turtle_shape/package.dsv'
[3.187s] INFO:colcon.colcon_core.shell:Creating package script '/home/mohd_yasser1/Ros2_project/install/turtle_shape/share/turtle_shape/package.sh'
[3.188s] INFO:colcon.colcon_core.shell:Creating package script '/home/mohd_yasser1/Ros2_project/install/turtle_shape/share/turtle_shape/package.bash'
[3.189s] INFO:colcon.colcon_core.shell:Creating package script '/home/mohd_yasser1/Ros2_project/install/turtle_shape/share/turtle_shape/package.zsh'
[3.190s] Level 1:colcon.colcon_core.environment:create_file_with_runtime_dependencies(/home/mohd_yasser1/Ros2_project/install/turtle_shape/share/colcon-core/packages/turtle_shape)
[3.191s] INFO:colcon.colcon_ros.task.ament_cmake.build:Building ROS package in '/home/mohd_yasser1/Ros2_project/src/turtle_shape_bringup' with build type 'ament_cmake'
[3.191s] INFO:colcon.colcon_cmake.task.cmake.build:Building CMake package in '/home/mohd_yasser1/Ros2_project/src/turtle_shape_bringup'
[3.194s] INFO:colcon.colcon_core.shell:Skip shell extension 'powershell' for command environment: Not usable outside of PowerShell
[3.194s] DEBUG:colcon.colcon_core.shell:Skip shell extension 'dsv' for command environment
[3.938s] DEBUG:colcon.colcon_core.event_handler.log_command:Invoking command in '/home/mohd_yasser1/Ros2_project/build/turtle_shape_bringup': AMENT_PREFIX_PATH=/home/mohd_yasser1/Ros2_project/install/turtle_shape:/home/mohd_yasser1/Ros2_project/install/turtle_shape_bringup:/opt/ros/humble CMAKE_PREFIX_PATH=${CMAKE_PREFIX_PATH}:/home/mohd_yasser1/Ros2_project/install/turtle_shape:/opt/ros/humble /usr/bin/cmake --build /home/mohd_yasser1/Ros2_project/build/turtle_shape_bringup -- -j8 -l8
[3.996s] DEBUG:colcon.colcon_core.event_handler.log_command:Invoked command in '/home/mohd_yasser1/Ros2_project/build/turtle_shape_bringup' returned '0': AMENT_PREFIX_PATH=/home/mohd_yasser1/Ros2_project/install/turtle_shape:/home/mohd_yasser1/Ros2_project/install/turtle_shape_bringup:/opt/ros/humble CMAKE_PREFIX_PATH=${CMAKE_PREFIX_PATH}:/home/mohd_yasser1/Ros2_project/install/turtle_shape:/opt/ros/humble /usr/bin/cmake --build /home/mohd_yasser1/Ros2_project/build/turtle_shape_bringup -- -j8 -l8
[4.044s] DEBUG:colcon.colcon_core.event_handler.log_command:Invoking command in '/home/mohd_yasser1/Ros2_project/build/turtle_shape_bringup': AMENT_PREFIX_PATH=/home/mohd_yasser1/Ros2_project/install/turtle_shape:/home/mohd_yasser1/Ros2_project/install/turtle_shape_bringup:/opt/ros/humble CMAKE_PREFIX_PATH=${CMAKE_PREFIX_PATH}:/home/mohd_yasser1/Ros2_project/install/turtle_shape:/opt/ros/humble /usr/bin/cmake --install /home/mohd_yasser1/Ros2_project/build/turtle_shape_bringup
[4.082s] Level 1:colcon.colcon_core.environment:create_environment_scripts_only(turtle_shape_bringup)
[4.086s] Level 1:colcon.colcon_core.environment:checking '/home/mohd_yasser1/Ros2_project/install/turtle_shape_bringup' for CMake module files
[4.087s] DEBUG:colcon.colcon_core.event_handler.log_command:Invoked command in '/home/mohd_yasser1/Ros2_project/build/turtle_shape_bringup' returned '0': AMENT_PREFIX_PATH=/home/mohd_yasser1/Ros2_project/install/turtle_shape:/home/mohd_yasser1/Ros2_project/install/turtle_shape_bringup:/opt/ros/humble CMAKE_PREFIX_PATH=${CMAKE_PREFIX_PATH}:/home/mohd_yasser1/Ros2_project/install/turtle_shape:/opt/ros/humble /usr/bin/cmake --install /home/mohd_yasser1/Ros2_project/build/turtle_shape_bringup
[4.088s] Level 1:colcon.colcon_core.environment:checking '/home/mohd_yasser1/Ros2_project/install/turtle_shape_bringup' for CMake config files
[4.088s] Level 1:colcon.colcon_core.shell:create_environment_hook('turtle_shape_bringup', 'cmake_prefix_path')
[4.091s] INFO:colcon.colcon_core.shell:Creating environment hook '/home/mohd_yasser1/Ros2_project/install/turtle_shape_bringup/share/turtle_shape_bringup/hook/cmake_prefix_path.ps1'
[4.091s] INFO:colcon.colcon_core.shell:Creating environment descriptor '/home/mohd_yasser1/Ros2_project/install/turtle_shape_bringup/share/turtle_shape_bringup/hook/cmake_prefix_path.dsv'
[4.092s] INFO:colcon.colcon_core.shell:Creating environment hook '/home/mohd_yasser1/Ros2_project/install/turtle_shape_bringup/share/turtle_shape_bringup/hook/cmake_prefix_path.sh'
[4.093s] Level 1:colcon.colcon_core.environment:checking '/home/mohd_yasser1/Ros2_project/install/turtle_shape_bringup/bin'
[4.093s] Level 1:colcon.colcon_core.environment:checking '/home/mohd_yasser1/Ros2_project/install/turtle_shape_bringup/lib/pkgconfig/turtle_shape_bringup.pc'
[4.094s] Level 1:colcon.colcon_core.environment:checking '/home/mohd_yasser1/Ros2_project/install/turtle_shape_bringup/lib/python3.10/site-packages'
[4.094s] Level 1:colcon.colcon_core.environment:checking '/home/mohd_yasser1/Ros2_project/install/turtle_shape_bringup/bin'
[4.096s] INFO:colcon.colcon_core.shell:Creating package script '/home/mohd_yasser1/Ros2_project/install/turtle_shape_bringup/share/turtle_shape_bringup/package.ps1'
[4.098s] INFO:colcon.colcon_core.shell:Creating package descriptor '/home/mohd_yasser1/Ros2_project/install/turtle_shape_bringup/share/turtle_shape_bringup/package.dsv'
[4.099s] INFO:colcon.colcon_core.shell:Creating package script '/home/mohd_yasser1/Ros2_project/install/turtle_shape_bringup/share/turtle_shape_bringup/package.sh'
[4.100s] INFO:colcon.colcon_core.shell:Creating package script '/home/mohd_yasser1/Ros2_project/install/turtle_shape_bringup/share/turtle_shape_bringup/package.bash'
[4.100s] INFO:colcon.colcon_core.shell:Creating package script '/home/mohd_yasser1/Ros2_project/install/turtle_shape_bringup/share/turtle_shape_bringup/package.zsh'
[4.101s] Level 1:colcon.colcon_core.environment:create_file_with_runtime_dependencies(/home/mohd_yasser1/Ros2_project/install/turtle_shape_bringup/share/colcon-core/packages/turtle_shape_bringup)
[4.133s] Level 1:colcon.colcon_core.environment:create_environment_scripts_only(turtle_shape_bringup)
[4.136s] Level 1:colcon.colcon_core.environment:checking '/home/mohd_yasser1/Ros2_project/install/turtle_shape_bringup' for CMake module files
[4.137s] Level 1:colcon.colcon_core.environment:checking '/home/mohd_yasser1/Ros2_project/install/turtle_shape_bringup' for CMake config files
[4.138s] Level 1:colcon.colcon_core.shell:create_environment_hook('turtle_shape_bringup', 'cmake_prefix_path')
[4.140s] INFO:colcon.colcon_core.shell:Creating environment hook '/home/mohd_yasser1/Ros2_project/install/turtle_shape_bringup/share/turtle_shape_bringup/hook/cmake_prefix_path.ps1'
[4.141s] INFO:colcon.colcon_core.shell:Creating environment descriptor '/home/mohd_yasser1/Ros2_project/install/turtle_shape_bringup/share/turtle_shape_bringup/hook/cmake_prefix_path.dsv'
[4.141s] INFO:colcon.colcon_core.shell:Creating environment hook '/home/mohd_yasser1/Ros2_project/install/turtle_shape_bringup/share/turtle_shape_bringup/hook/cmake_prefix_path.sh'
[4.142s] Level 1:colcon.colcon_core.environment:checking '/home/mohd_yasser1/Ros2_project/install/turtle_shape_bringup/bin'
[4.142s] Level 1:colcon.colcon_core.environment:checking '/home/mohd_yasser1/Ros2_project/install/turtle_shape_bringup/lib/pkgconfig/turtle_shape_bringup.pc'
[4.143s] Level 1:colcon.colcon_core.environment:checking '/home/mohd_yasser1/Ros2_project/install/turtle_shape_bringup/lib/python3.10/site-packages'
[4.143s] Level 1:colcon.colcon_core.environment:checking '/home/mohd_yasser1/Ros2_project/install/turtle_shape_bringup/bin'
[4.146s] INFO:colcon.colcon_core.shell:Creating package script '/home/mohd_yasser1/Ros2_project/install/turtle_shape_bringup/share/turtle_shape_bringup/package.ps1'
[4.146s] INFO:colcon.colcon_core.shell:Creating package descriptor '/home/mohd_yasser1/Ros2_project/install/turtle_shape_bringup/share/turtle_shape_bringup/package.dsv'
[4.148s] INFO:colcon.colcon_core.shell:Creating package script '/home/mohd_yasser1/Ros2_project/install/turtle_shape_bringup/share/turtle_shape_bringup/package.sh'
[4.150s] INFO:colcon.colcon_core.shell:Creating package script '/home/mohd_yasser1/Ros2_project/install/turtle_shape_bringup/share/turtle_shape_bringup/package.bash'
[4.150s] INFO:colcon.colcon_core.shell:Creating package script '/home/mohd_yasser1/Ros2_project/install/turtle_shape_bringup/share/turtle_shape_bringup/package.zsh'
[4.151s] Level 1:colcon.colcon_core.environment:create_file_with_runtime_dependencies(/home/mohd_yasser1/Ros2_project/install/turtle_shape_bringup/share/colcon-core/packages/turtle_shape_bringup)
[4.152s] DEBUG:colcon.colcon_parallel_executor.executor.parallel:closing loop
[4.154s] DEBUG:colcon.colcon_parallel_executor.executor.parallel:loop closed
[4.154s] DEBUG:colcon.colcon_parallel_executor.executor.parallel:run_until_complete finished with '0'
[4.154s] DEBUG:colcon.colcon_core.event_reactor:joining thread
[4.368s] INFO:colcon.colcon_core.plugin_system:Skipping extension 'colcon_notification.desktop_notification.notify_send': Could not find 'notify-send'
[4.368s] INFO:colcon.colcon_core.plugin_system:Skipping extension 'colcon_notification.desktop_notification.terminal_notifier': Not used on non-Darwin systems
[4.368s] INFO:colcon.colcon_core.plugin_system:Skipping extension 'colcon_notification.desktop_notification.win32': Not used on non-Windows systems
[4.368s] INFO:colcon.colcon_notification.desktop_notification:Sending desktop notification using 'notify2'
[4.368s] DEBUG:colcon.colcon_notification.desktop_notification.notify2:Failed to initialize notify2: org.freedesktop.DBus.Error.FileNotFound: Failed to connect to socket /run/user/1000/bus: No such file or directory
[4.369s] DEBUG:colcon.colcon_core.event_reactor:joined thread
[4.371s] INFO:colcon.colcon_core.shell:Creating prefix script '/home/mohd_yasser1/Ros2_project/install/local_setup.ps1'
[4.373s] INFO:colcon.colcon_core.shell:Creating prefix util module '/home/mohd_yasser1/Ros2_project/install/_local_setup_util_ps1.py'
[4.375s] INFO:colcon.colcon_core.shell:Creating prefix chain script '/home/mohd_yasser1/Ros2_project/install/setup.ps1'
[4.378s] INFO:colcon.colcon_core.shell:Creating prefix script '/home/mohd_yasser1/Ros2_project/install/local_setup.sh'
[4.379s] INFO:colcon.colcon_core.shell:Creating prefix util module '/home/mohd_yasser1/Ros2_project/install/_local_setup_util_sh.py'
[4.380s] INFO:colcon.colcon_core.shell:Creating prefix chain script '/home/mohd_yasser1/Ros2_project/install/setup.sh'
[4.383s] INFO:colcon.colcon_core.shell:Creating prefix script '/home/mohd_yasser1/Ros2_project/install/local_setup.bash'
[4.384s] INFO:colcon.colcon_core.shell:Creating prefix chain script '/home/mohd_yasser1/Ros2_project/install/setup.bash'
[4.387s] INFO:colcon.colcon_core.shell:Creating prefix script '/home/mohd_yasser1/Ros2_project/install/local_setup.zsh'
[4.387s] INFO:colcon.colcon_core.shell:Creating prefix chain script '/home/mohd_yasser1/Ros2_project/install/setup.zsh'
