running develop
running egg_info
creating turtle_shape.egg-info
writing turtle_shape.egg-info/PKG-INFO
writing dependency_links to turtle_shape.egg-info/dependency_links.txt
writing entry points to turtle_shape.egg-info/entry_points.txt
writing requirements to turtle_shape.egg-info/requires.txt
writing top-level names to turtle_shape.egg-info/top_level.txt
writing manifest file 'turtle_shape.egg-info/SOURCES.txt'
reading manifest file 'turtle_shape.egg-info/SOURCES.txt'
writing manifest file 'turtle_shape.egg-info/SOURCES.txt'
running build_ext
Creating /home/mohd_yasser1/Ros2_project/install/turtle_shape/lib/python3.10/site-packages/turtle-shape.egg-link (link to .)
Installing shapeNode script to /home/mohd_yasser1/Ros2_project/install/turtle_shape/lib/turtle_shape

Installed /home/mohd_yasser1/Ros2_project/build/turtle_shape
running install_data
creating /home/mohd_yasser1/Ros2_project/install/turtle_shape/share/ament_index
creating /home/mohd_yasser1/Ros2_project/install/turtle_shape/share/ament_index/resource_index
creating /home/mohd_yasser1/Ros2_project/install/turtle_shape/share/ament_index/resource_index/packages
copying resource/turtle_shape -> /home/mohd_yasser1/Ros2_project/install/turtle_shape/share/ament_index/resource_index/packages
copying package.xml -> /home/mohd_yasser1/Ros2_project/install/turtle_shape/share/turtle_shape
