[0.558s] Invoking command in '/home/mohd_yasser1/Ros2_project/build/turtle_shape': PYTHONPATH=/home/mohd_yasser1/Ros2_project/build/turtle_shape/prefix_override:/home/mohd_yasser1/Ros2_project/install/turtle_shape/lib/python3.10/site-packages:${PYTHONPATH} /usr/bin/python3 setup.py develop --editable --build-directory /home/mohd_yasser1/Ros2_project/build/turtle_shape/build --no-deps install_data
[0.740s] running develop
[0.744s] /usr/lib/python3/dist-packages/setuptools/command/easy_install.py:158: EasyInstallDeprecationWarning: easy_install command is deprecated. Use build and pip and other standards-based tools.
[0.744s]   warnings.warn(
[0.746s] /usr/lib/python3/dist-packages/setuptools/command/install.py:34: SetuptoolsDeprecationWarning: setup.py install is deprecated. Use build and pip and other standards-based tools.
[0.746s]   warnings.warn(
[0.850s] running egg_info
[0.850s] creating turtle_shape.egg-info
[0.850s] writing turtle_shape.egg-info/PKG-INFO
[0.850s] writing dependency_links to turtle_shape.egg-info/dependency_links.txt
[0.850s] writing entry points to turtle_shape.egg-info/entry_points.txt
[0.851s] writing requirements to turtle_shape.egg-info/requires.txt
[0.851s] writing top-level names to turtle_shape.egg-info/top_level.txt
[0.851s] writing manifest file 'turtle_shape.egg-info/SOURCES.txt'
[0.852s] reading manifest file 'turtle_shape.egg-info/SOURCES.txt'
[0.852s] writing manifest file 'turtle_shape.egg-info/SOURCES.txt'
[0.853s] running build_ext
[0.853s] Creating /home/mohd_yasser1/Ros2_project/install/turtle_shape/lib/python3.10/site-packages/turtle-shape.egg-link (link to .)
[0.854s] Installing shapeNode script to /home/mohd_yasser1/Ros2_project/install/turtle_shape/lib/turtle_shape
[0.854s] 
[0.854s] Installed /home/mohd_yasser1/Ros2_project/build/turtle_shape
[0.855s] running install_data
[0.855s] creating /home/mohd_yasser1/Ros2_project/install/turtle_shape/share/ament_index
[0.855s] creating /home/mohd_yasser1/Ros2_project/install/turtle_shape/share/ament_index/resource_index
[0.855s] creating /home/mohd_yasser1/Ros2_project/install/turtle_shape/share/ament_index/resource_index/packages
[0.855s] copying resource/turtle_shape -> /home/mohd_yasser1/Ros2_project/install/turtle_shape/share/ament_index/resource_index/packages
[0.855s] copying package.xml -> /home/mohd_yasser1/Ros2_project/install/turtle_shape/share/turtle_shape
[0.876s] Invoked command in '/home/mohd_yasser1/Ros2_project/build/turtle_shape' returned '0': PYTHONPATH=/home/mohd_yasser1/Ros2_project/build/turtle_shape/prefix_override:/home/mohd_yasser1/Ros2_project/install/turtle_shape/lib/python3.10/site-packages:${PYTHONPATH} /usr/bin/python3 setup.py develop --editable --build-directory /home/mohd_yasser1/Ros2_project/build/turtle_shape/build --no-deps install_data
