[0.687s] Invoking command in '/home/mohd_yasser1/Ros2_project/build/turtle_shape': PYTHONPATH=/home/mohd_yasser1/Ros2_project/build/turtle_shape/prefix_override:/home/mohd_yasser1/Ros2_project/install/turtle_shape/lib/python3.10/site-packages:${PYTHONPATH} /usr/bin/python3 setup.py develop --editable --build-directory /home/mohd_yasser1/Ros2_project/build/turtle_shape/build --no-deps install_data
[0.885s] running develop
[0.887s] /usr/lib/python3/dist-packages/setuptools/command/easy_install.py:158: EasyInstallDeprecationWarning: easy_install command is deprecated. Use build and pip and other standards-based tools.
[0.888s]   warnings.warn(
[0.889s] /usr/lib/python3/dist-packages/setuptools/command/install.py:34: SetuptoolsDeprecationWarning: setup.py install is deprecated. Use build and pip and other standards-based tools.
[0.890s]   warnings.warn(
[1.000s] running egg_info
[1.000s] writing turtle_shape.egg-info/PKG-INFO
[1.000s] writing dependency_links to turtle_shape.egg-info/dependency_links.txt
[1.000s] writing entry points to turtle_shape.egg-info/entry_points.txt
[1.000s] writing requirements to turtle_shape.egg-info/requires.txt
[1.000s] writing top-level names to turtle_shape.egg-info/top_level.txt
[1.002s] reading manifest file 'turtle_shape.egg-info/SOURCES.txt'
[1.003s] writing manifest file 'turtle_shape.egg-info/SOURCES.txt'
[1.004s] running build_ext
[1.004s] Creating /home/mohd_yasser1/Ros2_project/install/turtle_shape/lib/python3.10/site-packages/turtle-shape.egg-link (link to .)
[1.005s] Installing shapeNode script to /home/mohd_yasser1/Ros2_project/install/turtle_shape/lib/turtle_shape
[1.005s] Installing turtleCommander script to /home/mohd_yasser1/Ros2_project/install/turtle_shape/lib/turtle_shape
[1.005s] 
[1.006s] Installed /home/mohd_yasser1/Ros2_project/build/turtle_shape
[1.006s] running install_data
[1.030s] Invoked command in '/home/mohd_yasser1/Ros2_project/build/turtle_shape' returned '0': PYTHONPATH=/home/mohd_yasser1/Ros2_project/build/turtle_shape/prefix_override:/home/mohd_yasser1/Ros2_project/install/turtle_shape/lib/python3.10/site-packages:${PYTHONPATH} /usr/bin/python3 setup.py develop --editable --build-directory /home/mohd_yasser1/Ros2_project/build/turtle_shape/build --no-deps install_data
