[1.255s] Invoking command in '/home/mohd_yasser1/Ros2_project/build/turtle_shape': PYTHONPATH=/home/mohd_yasser1/Ros2_project/build/turtle_shape/prefix_override:/home/mohd_yasser1/Ros2_project/install/turtle_shape/lib/python3.10/site-packages:${PYTHONPATH} /usr/bin/python3 setup.py develop --editable --build-directory /home/mohd_yasser1/Ros2_project/build/turtle_shape/build --no-deps install_data
[1.762s] running develop
[1.764s] /usr/lib/python3/dist-packages/setuptools/command/easy_install.py:158: EasyInstallDeprecationWarning: easy_install command is deprecated. Use build and pip and other standards-based tools.
[1.764s]   warnings.warn(
[1.766s] /usr/lib/python3/dist-packages/setuptools/command/install.py:34: SetuptoolsDeprecationWarning: setup.py install is deprecated. Use build and pip and other standards-based tools.
[1.767s]   warnings.warn(
[2.054s] running egg_info
[2.054s] writing turtle_shape.egg-info/PKG-INFO
[2.055s] writing dependency_links to turtle_shape.egg-info/dependency_links.txt
[2.055s] writing entry points to turtle_shape.egg-info/entry_points.txt
[2.056s] writing requirements to turtle_shape.egg-info/requires.txt
[2.056s] writing top-level names to turtle_shape.egg-info/top_level.txt
[2.059s] reading manifest file 'turtle_shape.egg-info/SOURCES.txt'
[2.061s] writing manifest file 'turtle_shape.egg-info/SOURCES.txt'
[2.063s] running build_ext
[2.063s] Creating /home/mohd_yasser1/Ros2_project/install/turtle_shape/lib/python3.10/site-packages/turtle-shape.egg-link (link to .)
[2.065s] Installing shapeNode script to /home/mohd_yasser1/Ros2_project/install/turtle_shape/lib/turtle_shape
[2.066s] Installing turtleCommander script to /home/mohd_yasser1/Ros2_project/install/turtle_shape/lib/turtle_shape
[2.066s] 
[2.066s] Installed /home/mohd_yasser1/Ros2_project/build/turtle_shape
[2.067s] running install_data
[2.111s] Invoked command in '/home/mohd_yasser1/Ros2_project/build/turtle_shape' returned '0': PYTHONPATH=/home/mohd_yasser1/Ros2_project/build/turtle_shape/prefix_override:/home/mohd_yasser1/Ros2_project/install/turtle_shape/lib/python3.10/site-packages:${PYTHONPATH} /usr/bin/python3 setup.py develop --editable --build-directory /home/mohd_yasser1/Ros2_project/build/turtle_shape/build --no-deps install_data
