running develop
Removing /home/mohd_yasser1/Ros2_project/install/turtle_shape/lib/python3.10/site-packages/turtle-shape.egg-link (link to .)
running egg_info
writing ../../build/turtle_shape/turtle_shape.egg-info/PKG-INFO
writing dependency_links to ../../build/turtle_shape/turtle_shape.egg-info/dependency_links.txt
writing entry points to ../../build/turtle_shape/turtle_shape.egg-info/entry_points.txt
writing requirements to ../../build/turtle_shape/turtle_shape.egg-info/requires.txt
writing top-level names to ../../build/turtle_shape/turtle_shape.egg-info/top_level.txt
reading manifest file '../../build/turtle_shape/turtle_shape.egg-info/SOURCES.txt'
writing manifest file '../../build/turtle_shape/turtle_shape.egg-info/SOURCES.txt'
running build
running build_py
creating /home/mohd_yasser1/Ros2_project/build/turtle_shape/build
creating /home/mohd_yasser1/Ros2_project/build/turtle_shape/build/lib
creating /home/mohd_yasser1/Ros2_project/build/turtle_shape/build/lib/turtle_shape
copying turtle_shape/shapeNode.py -> /home/mohd_yasser1/Ros2_project/build/turtle_shape/build/lib/turtle_shape
copying turtle_shape/__init__.py -> /home/mohd_yasser1/Ros2_project/build/turtle_shape/build/lib/turtle_shape
copying turtle_shape/turtleCommander.py -> /home/mohd_yasser1/Ros2_project/build/turtle_shape/build/lib/turtle_shape
running install
running install_lib
creating /home/mohd_yasser1/Ros2_project/install/turtle_shape/lib/python3.10/site-packages/turtle_shape
copying /home/mohd_yasser1/Ros2_project/build/turtle_shape/build/lib/turtle_shape/shapeNode.py -> /home/mohd_yasser1/Ros2_project/install/turtle_shape/lib/python3.10/site-packages/turtle_shape
copying /home/mohd_yasser1/Ros2_project/build/turtle_shape/build/lib/turtle_shape/__init__.py -> /home/mohd_yasser1/Ros2_project/install/turtle_shape/lib/python3.10/site-packages/turtle_shape
copying /home/mohd_yasser1/Ros2_project/build/turtle_shape/build/lib/turtle_shape/turtleCommander.py -> /home/mohd_yasser1/Ros2_project/install/turtle_shape/lib/python3.10/site-packages/turtle_shape
byte-compiling /home/mohd_yasser1/Ros2_project/install/turtle_shape/lib/python3.10/site-packages/turtle_shape/shapeNode.py to shapeNode.cpython-310.pyc
byte-compiling /home/mohd_yasser1/Ros2_project/install/turtle_shape/lib/python3.10/site-packages/turtle_shape/__init__.py to __init__.cpython-310.pyc
byte-compiling /home/mohd_yasser1/Ros2_project/install/turtle_shape/lib/python3.10/site-packages/turtle_shape/turtleCommander.py to turtleCommander.cpython-310.pyc
running install_data
running install_egg_info
Copying ../../build/turtle_shape/turtle_shape.egg-info to /home/mohd_yasser1/Ros2_project/install/turtle_shape/lib/python3.10/site-packages/turtle_shape-0.0.0-py3.10.egg-info
running install_scripts
Installing shapeNode script to /home/mohd_yasser1/Ros2_project/install/turtle_shape/lib/turtle_shape
Installing turtleCommander script to /home/mohd_yasser1/Ros2_project/install/turtle_shape/lib/turtle_shape
writing list of installed files to '/home/mohd_yasser1/Ros2_project/build/turtle_shape/install.log'
