[0.272s] Invoking command in '/home/mohd_yasser1/Ros2_project/build/turtle_shape_bringup': AMENT_PREFIX_PATH=/home/mohd_yasser1/Ros2_project/install/turtle_shape:/home/mohd_yasser1/Ros2_project/install/turtle_shape_bringup:/opt/ros/humble CMAKE_PREFIX_PATH=${CMAKE_PREFIX_PATH}:/home/mohd_yasser1/Ros2_project/install/turtle_shape:/opt/ros/humble /usr/bin/cmake --build /home/mohd_yasser1/Ros2_project/build/turtle_shape_bringup -- -j8 -l8
[0.309s] Invoked command in '/home/mohd_yasser1/Ros2_project/build/turtle_shape_bringup' returned '0': AMENT_PREFIX_PATH=/home/mohd_yasser1/Ros2_project/install/turtle_shape:/home/mohd_yasser1/Ros2_project/install/turtle_shape_bringup:/opt/ros/humble CMAKE_PREFIX_PATH=${CMAKE_PREFIX_PATH}:/home/mohd_yasser1/Ros2_project/install/turtle_shape:/opt/ros/humble /usr/bin/cmake --build /home/mohd_yasser1/Ros2_project/build/turtle_shape_bringup -- -j8 -l8
[0.331s] Invoking command in '/home/mohd_yasser1/Ros2_project/build/turtle_shape_bringup': AMENT_PREFIX_PATH=/home/mohd_yasser1/Ros2_project/install/turtle_shape:/home/mohd_yasser1/Ros2_project/install/turtle_shape_bringup:/opt/ros/humble CMAKE_PREFIX_PATH=${CMAKE_PREFIX_PATH}:/home/mohd_yasser1/Ros2_project/install/turtle_shape:/opt/ros/humble /usr/bin/cmake --install /home/mohd_yasser1/Ros2_project/build/turtle_shape_bringup
[0.338s] -- Install configuration: ""
[0.338s] -- Execute custom install script
[0.340s] -- Up-to-date symlink: /home/mohd_yasser1/Ros2_project/install/turtle_shape_bringup/share/turtle_shape_bringup/launch/turtleDraw.launch.py
[0.340s] -- Up-to-date symlink: /home/mohd_yasser1/Ros2_project/install/turtle_shape_bringup/share/ament_index/resource_index/package_run_dependencies/turtle_shape_bringup
[0.341s] -- Up-to-date symlink: /home/mohd_yasser1/Ros2_project/install/turtle_shape_bringup/share/ament_index/resource_index/parent_prefix_path/turtle_shape_bringup
[0.341s] -- Up-to-date symlink: /home/mohd_yasser1/Ros2_project/install/turtle_shape_bringup/share/turtle_shape_bringup/environment/ament_prefix_path.sh
[0.341s] -- Up-to-date symlink: /home/mohd_yasser1/Ros2_project/install/turtle_shape_bringup/share/turtle_shape_bringup/environment/ament_prefix_path.dsv
[0.341s] -- Up-to-date symlink: /home/mohd_yasser1/Ros2_project/install/turtle_shape_bringup/share/turtle_shape_bringup/environment/path.sh
[0.342s] -- Up-to-date symlink: /home/mohd_yasser1/Ros2_project/install/turtle_shape_bringup/share/turtle_shape_bringup/environment/path.dsv
[0.342s] -- Up-to-date symlink: /home/mohd_yasser1/Ros2_project/install/turtle_shape_bringup/share/turtle_shape_bringup/local_setup.bash
[0.342s] -- Up-to-date symlink: /home/mohd_yasser1/Ros2_project/install/turtle_shape_bringup/share/turtle_shape_bringup/local_setup.sh
[0.342s] -- Up-to-date symlink: /home/mohd_yasser1/Ros2_project/install/turtle_shape_bringup/share/turtle_shape_bringup/local_setup.zsh
[0.342s] -- Up-to-date symlink: /home/mohd_yasser1/Ros2_project/install/turtle_shape_bringup/share/turtle_shape_bringup/local_setup.dsv
[0.343s] -- Symlinking: /home/mohd_yasser1/Ros2_project/install/turtle_shape_bringup/share/turtle_shape_bringup/package.dsv
[0.348s] -- Up-to-date symlink: /home/mohd_yasser1/Ros2_project/install/turtle_shape_bringup/share/ament_index/resource_index/packages/turtle_shape_bringup
[0.348s] -- Up-to-date symlink: /home/mohd_yasser1/Ros2_project/install/turtle_shape_bringup/share/turtle_shape_bringup/cmake/turtle_shape_bringupConfig.cmake
[0.348s] -- Up-to-date symlink: /home/mohd_yasser1/Ros2_project/install/turtle_shape_bringup/share/turtle_shape_bringup/cmake/turtle_shape_bringupConfig-version.cmake
[0.348s] -- Up-to-date symlink: /home/mohd_yasser1/Ros2_project/install/turtle_shape_bringup/share/turtle_shape_bringup/package.xml
[0.352s] Invoked command in '/home/mohd_yasser1/Ros2_project/build/turtle_shape_bringup' returned '0': AMENT_PREFIX_PATH=/home/mohd_yasser1/Ros2_project/install/turtle_shape:/home/mohd_yasser1/Ros2_project/install/turtle_shape_bringup:/opt/ros/humble CMAKE_PREFIX_PATH=${CMAKE_PREFIX_PATH}:/home/mohd_yasser1/Ros2_project/install/turtle_shape:/opt/ros/humble /usr/bin/cmake --install /home/mohd_yasser1/Ros2_project/build/turtle_shape_bringup
