[0.741s] DEBUG:colcon:Command line arguments: ['/usr/bin/colcon', 'build', '--symlink-install']
[0.741s] DEBUG:colcon:Parsed command line arguments: Namespace(log_base=None, log_level=None, verb_name='build', build_base='build', install_base='install', merge_install=False, symlink_install=True, test_result_base=None, continue_on_error=False, executor='parallel', parallel_workers=8, event_handlers=None, ignore_user_meta=False, metas=['./colcon.meta'], base_paths=['.'], packages_ignore=None, packages_ignore_regex=None, paths=None, packages_up_to=None, packages_up_to_regex=None, packages_above=None, packages_above_and_dependencies=None, packages_above_depth=None, packages_select_by_dep=None, packages_skip_by_dep=None, packages_skip_up_to=None, packages_select_build_failed=False, packages_skip_build_finished=False, packages_select_test_failures=False, packages_skip_test_passed=False, packages_select=None, packages_skip=None, packages_select_regex=None, packages_skip_regex=None, packages_start=None, packages_end=None, allow_overriding=[], cmake_args=None, cmake_target=None, cmake_target_skip_unavailable=False, cmake_clean_cache=False, cmake_clean_first=False, cmake_force_configure=False, ament_cmake_args=None, catkin_cmake_args=None, catkin_skip_building_tests=False, verb_parser=<colcon_defaults.argument_parser.defaults.DefaultArgumentsDecorator object at 0x7f53c3f0fa90>, verb_extension=<colcon_core.verb.build.BuildVerb object at 0x7f53c4714f10>, main=<bound method BuildVerb.main of <colcon_core.verb.build.BuildVerb object at 0x7f53c4714f10>>)
[0.818s] Level 1:colcon.colcon_core.package_discovery:discover_packages(colcon_meta) check parameters
[0.818s] Level 1:colcon.colcon_core.package_discovery:discover_packages(recursive) check parameters
[0.818s] Level 1:colcon.colcon_core.package_discovery:discover_packages(ignore) check parameters
[0.818s] Level 1:colcon.colcon_core.package_discovery:discover_packages(path) check parameters
[0.818s] Level 1:colcon.colcon_core.package_discovery:discover_packages(colcon_meta) discover
[0.818s] Level 1:colcon.colcon_core.package_discovery:discover_packages(recursive) discover
[0.818s] INFO:colcon.colcon_core.package_discovery:Crawling recursively for packages in '/home/mohd_yasser1/Ros2_project'
[0.818s] Level 1:colcon.colcon_core.package_identification:_identify(.) by extensions ['ignore', 'ignore_ament_install']
[0.818s] Level 1:colcon.colcon_core.package_identification:_identify(.) by extension 'ignore'
[0.818s] Level 1:colcon.colcon_core.package_identification:_identify(.) by extension 'ignore_ament_install'
[0.818s] Level 1:colcon.colcon_core.package_identification:_identify(.) by extensions ['colcon_pkg']
[0.818s] Level 1:colcon.colcon_core.package_identification:_identify(.) by extension 'colcon_pkg'
[0.819s] Level 1:colcon.colcon_core.package_identification:_identify(.) by extensions ['colcon_meta']
[0.819s] Level 1:colcon.colcon_core.package_identification:_identify(.) by extension 'colcon_meta'
[0.819s] Level 1:colcon.colcon_core.package_identification:_identify(.) by extensions ['ros']
[0.819s] Level 1:colcon.colcon_core.package_identification:_identify(.) by extension 'ros'
[0.840s] Level 1:colcon.colcon_core.package_identification:_identify(.) by extensions ['cmake', 'python']
[0.840s] Level 1:colcon.colcon_core.package_identification:_identify(.) by extension 'cmake'
[0.841s] Level 1:colcon.colcon_core.package_identification:_identify(.) by extension 'python'
[0.841s] Level 1:colcon.colcon_core.package_identification:_identify(.) by extensions ['python_setup_py']
[0.841s] Level 1:colcon.colcon_core.package_identification:_identify(.) by extension 'python_setup_py'
[0.841s] Level 1:colcon.colcon_core.package_identification:_identify(build) by extensions ['ignore', 'ignore_ament_install']
[0.841s] Level 1:colcon.colcon_core.package_identification:_identify(build) by extension 'ignore'
[0.841s] Level 1:colcon.colcon_core.package_identification:_identify(build) ignored
[0.841s] Level 1:colcon.colcon_core.package_identification:_identify(install) by extensions ['ignore', 'ignore_ament_install']
[0.841s] Level 1:colcon.colcon_core.package_identification:_identify(install) by extension 'ignore'
[0.841s] Level 1:colcon.colcon_core.package_identification:_identify(install) ignored
[0.841s] Level 1:colcon.colcon_core.package_identification:_identify(log) by extensions ['ignore', 'ignore_ament_install']
[0.841s] Level 1:colcon.colcon_core.package_identification:_identify(log) by extension 'ignore'
[0.841s] Level 1:colcon.colcon_core.package_identification:_identify(log) ignored
[0.841s] Level 1:colcon.colcon_core.package_identification:_identify(src) by extensions ['ignore', 'ignore_ament_install']
[0.841s] Level 1:colcon.colcon_core.package_identification:_identify(src) by extension 'ignore'
[0.841s] Level 1:colcon.colcon_core.package_identification:_identify(src) by extension 'ignore_ament_install'
[0.841s] Level 1:colcon.colcon_core.package_identification:_identify(src) by extensions ['colcon_pkg']
[0.841s] Level 1:colcon.colcon_core.package_identification:_identify(src) by extension 'colcon_pkg'
[0.841s] Level 1:colcon.colcon_core.package_identification:_identify(src) by extensions ['colcon_meta']
[0.841s] Level 1:colcon.colcon_core.package_identification:_identify(src) by extension 'colcon_meta'
[0.841s] Level 1:colcon.colcon_core.package_identification:_identify(src) by extensions ['ros']
[0.841s] Level 1:colcon.colcon_core.package_identification:_identify(src) by extension 'ros'
[0.842s] Level 1:colcon.colcon_core.package_identification:_identify(src) by extensions ['cmake', 'python']
[0.842s] Level 1:colcon.colcon_core.package_identification:_identify(src) by extension 'cmake'
[0.842s] Level 1:colcon.colcon_core.package_identification:_identify(src) by extension 'python'
[0.842s] Level 1:colcon.colcon_core.package_identification:_identify(src) by extensions ['python_setup_py']
[0.842s] Level 1:colcon.colcon_core.package_identification:_identify(src) by extension 'python_setup_py'
[0.842s] Level 1:colcon.colcon_core.package_identification:_identify(src/turtle_shape) by extensions ['ignore', 'ignore_ament_install']
[0.842s] Level 1:colcon.colcon_core.package_identification:_identify(src/turtle_shape) by extension 'ignore'
[0.842s] Level 1:colcon.colcon_core.package_identification:_identify(src/turtle_shape) by extension 'ignore_ament_install'
[0.842s] Level 1:colcon.colcon_core.package_identification:_identify(src/turtle_shape) by extensions ['colcon_pkg']
[0.842s] Level 1:colcon.colcon_core.package_identification:_identify(src/turtle_shape) by extension 'colcon_pkg'
[0.842s] Level 1:colcon.colcon_core.package_identification:_identify(src/turtle_shape) by extensions ['colcon_meta']
[0.842s] Level 1:colcon.colcon_core.package_identification:_identify(src/turtle_shape) by extension 'colcon_meta'
[0.842s] Level 1:colcon.colcon_core.package_identification:_identify(src/turtle_shape) by extensions ['ros']
[0.842s] Level 1:colcon.colcon_core.package_identification:_identify(src/turtle_shape) by extension 'ros'
[0.847s] DEBUG:colcon.colcon_core.package_identification:Package 'src/turtle_shape' with type 'ros.ament_python' and name 'turtle_shape'
[0.847s] Level 1:colcon.colcon_core.package_identification:_identify(src/turtle_shape_bringup) by extensions ['ignore', 'ignore_ament_install']
[0.847s] Level 1:colcon.colcon_core.package_identification:_identify(src/turtle_shape_bringup) by extension 'ignore'
[0.847s] Level 1:colcon.colcon_core.package_identification:_identify(src/turtle_shape_bringup) by extension 'ignore_ament_install'
[0.847s] Level 1:colcon.colcon_core.package_identification:_identify(src/turtle_shape_bringup) by extensions ['colcon_pkg']
[0.847s] Level 1:colcon.colcon_core.package_identification:_identify(src/turtle_shape_bringup) by extension 'colcon_pkg'
[0.847s] Level 1:colcon.colcon_core.package_identification:_identify(src/turtle_shape_bringup) by extensions ['colcon_meta']
[0.847s] Level 1:colcon.colcon_core.package_identification:_identify(src/turtle_shape_bringup) by extension 'colcon_meta'
[0.847s] Level 1:colcon.colcon_core.package_identification:_identify(src/turtle_shape_bringup) by extensions ['ros']
[0.847s] Level 1:colcon.colcon_core.package_identification:_identify(src/turtle_shape_bringup) by extension 'ros'
[0.848s] DEBUG:colcon.colcon_core.package_identification:Package 'src/turtle_shape_bringup' with type 'ros.ament_cmake' and name 'turtle_shape_bringup'
[0.848s] Level 1:colcon.colcon_core.package_discovery:discover_packages(recursive) using defaults
[0.848s] Level 1:colcon.colcon_core.package_discovery:discover_packages(ignore) discover
[0.849s] Level 1:colcon.colcon_core.package_discovery:discover_packages(ignore) using defaults
[0.849s] Level 1:colcon.colcon_core.package_discovery:discover_packages(path) discover
[0.849s] Level 1:colcon.colcon_core.package_discovery:discover_packages(path) using defaults
[0.904s] Level 1:colcon.colcon_core.package_discovery:discover_packages(prefix_path) check parameters
[0.904s] Level 1:colcon.colcon_core.package_discovery:discover_packages(prefix_path) discover
[0.914s] DEBUG:colcon.colcon_installed_package_information.package_discovery:Found 276 installed packages in /opt/ros/humble
[0.915s] Level 1:colcon.colcon_core.package_discovery:discover_packages(prefix_path) using defaults
[0.971s] Level 5:colcon.colcon_core.verb:set package 'turtle_shape' build argument 'cmake_args' from command line to 'None'
[0.971s] Level 5:colcon.colcon_core.verb:set package 'turtle_shape' build argument 'cmake_target' from command line to 'None'
[0.971s] Level 5:colcon.colcon_core.verb:set package 'turtle_shape' build argument 'cmake_target_skip_unavailable' from command line to 'False'
[0.971s] Level 5:colcon.colcon_core.verb:set package 'turtle_shape' build argument 'cmake_clean_cache' from command line to 'False'
[0.971s] Level 5:colcon.colcon_core.verb:set package 'turtle_shape' build argument 'cmake_clean_first' from command line to 'False'
[0.971s] Level 5:colcon.colcon_core.verb:set package 'turtle_shape' build argument 'cmake_force_configure' from command line to 'False'
[0.971s] Level 5:colcon.colcon_core.verb:set package 'turtle_shape' build argument 'ament_cmake_args' from command line to 'None'
[0.971s] Level 5:colcon.colcon_core.verb:set package 'turtle_shape' build argument 'catkin_cmake_args' from command line to 'None'
[0.971s] Level 5:colcon.colcon_core.verb:set package 'turtle_shape' build argument 'catkin_skip_building_tests' from command line to 'False'
[0.971s] DEBUG:colcon.colcon_core.verb:Building package 'turtle_shape' with the following arguments: {'ament_cmake_args': None, 'build_base': '/home/mohd_yasser1/Ros2_project/build/turtle_shape', 'catkin_cmake_args': None, 'catkin_skip_building_tests': False, 'cmake_args': None, 'cmake_clean_cache': False, 'cmake_clean_first': False, 'cmake_force_configure': False, 'cmake_target': None, 'cmake_target_skip_unavailable': False, 'install_base': '/home/mohd_yasser1/Ros2_project/install/turtle_shape', 'merge_install': False, 'path': '/home/mohd_yasser1/Ros2_project/src/turtle_shape', 'symlink_install': True, 'test_result_base': None}
[0.972s] Level 5:colcon.colcon_core.verb:set package 'turtle_shape_bringup' build argument 'cmake_args' from command line to 'None'
[0.972s] Level 5:colcon.colcon_core.verb:set package 'turtle_shape_bringup' build argument 'cmake_target' from command line to 'None'
[0.972s] Level 5:colcon.colcon_core.verb:set package 'turtle_shape_bringup' build argument 'cmake_target_skip_unavailable' from command line to 'False'
[0.972s] Level 5:colcon.colcon_core.verb:set package 'turtle_shape_bringup' build argument 'cmake_clean_cache' from command line to 'False'
[0.972s] Level 5:colcon.colcon_core.verb:set package 'turtle_shape_bringup' build argument 'cmake_clean_first' from command line to 'False'
[0.972s] Level 5:colcon.colcon_core.verb:set package 'turtle_shape_bringup' build argument 'cmake_force_configure' from command line to 'False'
[0.972s] Level 5:colcon.colcon_core.verb:set package 'turtle_shape_bringup' build argument 'ament_cmake_args' from command line to 'None'
[0.972s] Level 5:colcon.colcon_core.verb:set package 'turtle_shape_bringup' build argument 'catkin_cmake_args' from command line to 'None'
[0.972s] Level 5:colcon.colcon_core.verb:set package 'turtle_shape_bringup' build argument 'catkin_skip_building_tests' from command line to 'False'
[0.972s] DEBUG:colcon.colcon_core.verb:Building package 'turtle_shape_bringup' with the following arguments: {'ament_cmake_args': None, 'build_base': '/home/mohd_yasser1/Ros2_project/build/turtle_shape_bringup', 'catkin_cmake_args': None, 'catkin_skip_building_tests': False, 'cmake_args': None, 'cmake_clean_cache': False, 'cmake_clean_first': False, 'cmake_force_configure': False, 'cmake_target': None, 'cmake_target_skip_unavailable': False, 'install_base': '/home/mohd_yasser1/Ros2_project/install/turtle_shape_bringup', 'merge_install': False, 'path': '/home/mohd_yasser1/Ros2_project/src/turtle_shape_bringup', 'symlink_install': True, 'test_result_base': None}
[0.973s] INFO:colcon.colcon_core.executor:Executing jobs using 'parallel' executor
[0.976s] DEBUG:colcon.colcon_parallel_executor.executor.parallel:run_until_complete
[0.976s] INFO:colcon.colcon_ros.task.ament_python.build:Building ROS package in '/home/mohd_yasser1/Ros2_project/src/turtle_shape' with build type 'ament_python'
[0.976s] Level 1:colcon.colcon_core.shell:create_environment_hook('turtle_shape', 'ament_prefix_path')
[0.994s] INFO:colcon.colcon_core.plugin_system:Skipping extension 'colcon_core.shell.bat': Not used on non-Windows systems
[0.995s] INFO:colcon.colcon_core.shell:Creating environment hook '/home/mohd_yasser1/Ros2_project/install/turtle_shape/share/turtle_shape/hook/ament_prefix_path.ps1'
[0.996s] INFO:colcon.colcon_core.shell:Creating environment descriptor '/home/mohd_yasser1/Ros2_project/install/turtle_shape/share/turtle_shape/hook/ament_prefix_path.dsv'
[0.998s] INFO:colcon.colcon_core.shell:Creating environment hook '/home/mohd_yasser1/Ros2_project/install/turtle_shape/share/turtle_shape/hook/ament_prefix_path.sh'
[1.000s] INFO:colcon.colcon_core.shell:Skip shell extension 'powershell' for command environment: Not usable outside of PowerShell
[1.000s] DEBUG:colcon.colcon_core.shell:Skip shell extension 'dsv' for command environment
[1.200s] INFO:colcon.colcon_core.task.python.build:Building Python package in '/home/mohd_yasser1/Ros2_project/src/turtle_shape'
[1.201s] INFO:colcon.colcon_core.shell:Skip shell extension 'powershell' for command environment: Not usable outside of PowerShell
[1.201s] DEBUG:colcon.colcon_core.shell:Skip shell extension 'dsv' for command environment
[1.515s] DEBUG:colcon.colcon_core.task.python.build:While undoing a previous installation files outside the Python library path are being ignored: /home/mohd_yasser1/Ros2_project/install/turtle_shape/share/ament_index/resource_index/packages/turtle_shape
[1.515s] DEBUG:colcon.colcon_core.task.python.build:While undoing a previous installation files outside the Python library path are being ignored: /home/mohd_yasser1/Ros2_project/install/turtle_shape/share/turtle_shape/package.xml
[1.516s] DEBUG:colcon.colcon_core.task.python.build:While undoing a previous installation files outside the Python library path are being ignored: /home/mohd_yasser1/Ros2_project/install/turtle_shape/lib/turtle_shape/shapeNode
[1.516s] DEBUG:colcon.colcon_core.task.python.build:While undoing a previous installation files outside the Python library path are being ignored: /home/mohd_yasser1/Ros2_project/install/turtle_shape/lib/turtle_shape/turtleCommander
[1.517s] DEBUG:colcon.colcon_core.event_handler.log_command:Invoking command in '/home/mohd_yasser1/Ros2_project/build/turtle_shape': PYTHONPATH=/home/mohd_yasser1/Ros2_project/build/turtle_shape/prefix_override:/home/mohd_yasser1/Ros2_project/install/turtle_shape/lib/python3.10/site-packages:${PYTHONPATH} /usr/bin/python3 setup.py develop --editable --build-directory /home/mohd_yasser1/Ros2_project/build/turtle_shape/build --no-deps install_data
[1.852s] Level 1:colcon.colcon_core.shell:create_environment_hook('turtle_shape', 'pythonpath_develop')
[1.853s] INFO:colcon.colcon_core.shell:Creating environment hook '/home/mohd_yasser1/Ros2_project/build/turtle_shape/share/turtle_shape/hook/pythonpath_develop.ps1'
[1.854s] DEBUG:colcon.colcon_core.event_handler.log_command:Invoked command in '/home/mohd_yasser1/Ros2_project/build/turtle_shape' returned '0': PYTHONPATH=/home/mohd_yasser1/Ros2_project/build/turtle_shape/prefix_override:/home/mohd_yasser1/Ros2_project/install/turtle_shape/lib/python3.10/site-packages:${PYTHONPATH} /usr/bin/python3 setup.py develop --editable --build-directory /home/mohd_yasser1/Ros2_project/build/turtle_shape/build --no-deps install_data
[1.854s] INFO:colcon.colcon_core.shell:Creating environment descriptor '/home/mohd_yasser1/Ros2_project/build/turtle_shape/share/turtle_shape/hook/pythonpath_develop.dsv'
[1.854s] INFO:colcon.colcon_core.shell:Creating environment hook '/home/mohd_yasser1/Ros2_project/build/turtle_shape/share/turtle_shape/hook/pythonpath_develop.sh'
[1.873s] Level 1:colcon.colcon_core.environment:checking '/home/mohd_yasser1/Ros2_project/install/turtle_shape' for CMake module files
[1.873s] Level 1:colcon.colcon_core.environment:checking '/home/mohd_yasser1/Ros2_project/install/turtle_shape' for CMake config files
[1.873s] Level 1:colcon.colcon_core.environment:checking '/home/mohd_yasser1/Ros2_project/install/turtle_shape/lib'
[1.873s] Level 1:colcon.colcon_core.environment:checking '/home/mohd_yasser1/Ros2_project/install/turtle_shape/bin'
[1.873s] Level 1:colcon.colcon_core.environment:checking '/home/mohd_yasser1/Ros2_project/install/turtle_shape/lib/pkgconfig/turtle_shape.pc'
[1.874s] Level 1:colcon.colcon_core.environment:checking '/home/mohd_yasser1/Ros2_project/install/turtle_shape/lib/python3.10/site-packages'
[1.874s] Level 1:colcon.colcon_core.shell:create_environment_hook('turtle_shape', 'pythonpath')
[1.874s] INFO:colcon.colcon_core.shell:Creating environment hook '/home/mohd_yasser1/Ros2_project/install/turtle_shape/share/turtle_shape/hook/pythonpath.ps1'
[1.875s] INFO:colcon.colcon_core.shell:Creating environment descriptor '/home/mohd_yasser1/Ros2_project/install/turtle_shape/share/turtle_shape/hook/pythonpath.dsv'
[1.875s] INFO:colcon.colcon_core.shell:Creating environment hook '/home/mohd_yasser1/Ros2_project/install/turtle_shape/share/turtle_shape/hook/pythonpath.sh'
[1.875s] Level 1:colcon.colcon_core.environment:checking '/home/mohd_yasser1/Ros2_project/install/turtle_shape/bin'
[1.875s] Level 1:colcon.colcon_core.environment:create_environment_scripts_only(turtle_shape)
[1.876s] INFO:colcon.colcon_core.shell:Creating package script '/home/mohd_yasser1/Ros2_project/install/turtle_shape/share/turtle_shape/package.ps1'
[1.877s] INFO:colcon.colcon_core.shell:Creating package descriptor '/home/mohd_yasser1/Ros2_project/install/turtle_shape/share/turtle_shape/package.dsv'
[1.879s] INFO:colcon.colcon_core.shell:Creating package script '/home/mohd_yasser1/Ros2_project/install/turtle_shape/share/turtle_shape/package.sh'
[1.880s] INFO:colcon.colcon_core.shell:Creating package script '/home/mohd_yasser1/Ros2_project/install/turtle_shape/share/turtle_shape/package.bash'
[1.881s] INFO:colcon.colcon_core.shell:Creating package script '/home/mohd_yasser1/Ros2_project/install/turtle_shape/share/turtle_shape/package.zsh'
[1.882s] Level 1:colcon.colcon_core.environment:create_file_with_runtime_dependencies(/home/mohd_yasser1/Ros2_project/install/turtle_shape/share/colcon-core/packages/turtle_shape)
[1.883s] INFO:colcon.colcon_ros.task.ament_cmake.build:Building ROS package in '/home/mohd_yasser1/Ros2_project/src/turtle_shape_bringup' with build type 'ament_cmake'
[1.883s] INFO:colcon.colcon_cmake.task.cmake.build:Building CMake package in '/home/mohd_yasser1/Ros2_project/src/turtle_shape_bringup'
[1.884s] INFO:colcon.colcon_core.shell:Skip shell extension 'powershell' for command environment: Not usable outside of PowerShell
[1.884s] DEBUG:colcon.colcon_core.shell:Skip shell extension 'dsv' for command environment
[2.167s] DEBUG:colcon.colcon_core.event_handler.log_command:Invoking command in '/home/mohd_yasser1/Ros2_project/build/turtle_shape_bringup': AMENT_PREFIX_PATH=/home/mohd_yasser1/Ros2_project/install/turtle_shape:${AMENT_PREFIX_PATH} CMAKE_PREFIX_PATH=/opt/ros/humble PYTHONPATH=/home/mohd_yasser1/Ros2_project/build/turtle_shape:/home/mohd_yasser1/Ros2_project/install/turtle_shape/lib/python3.10/site-packages:${PYTHONPATH} /usr/bin/cmake /home/mohd_yasser1/Ros2_project/src/turtle_shape_bringup -DAMENT_CMAKE_SYMLINK_INSTALL=1 -DCMAKE_INSTALL_PREFIX=/home/mohd_yasser1/Ros2_project/install/turtle_shape_bringup
[2.495s] DEBUG:colcon.colcon_core.event_handler.log_command:Invoked command in '/home/mohd_yasser1/Ros2_project/build/turtle_shape_bringup' returned '0': AMENT_PREFIX_PATH=/home/mohd_yasser1/Ros2_project/install/turtle_shape:${AMENT_PREFIX_PATH} CMAKE_PREFIX_PATH=/opt/ros/humble PYTHONPATH=/home/mohd_yasser1/Ros2_project/build/turtle_shape:/home/mohd_yasser1/Ros2_project/install/turtle_shape/lib/python3.10/site-packages:${PYTHONPATH} /usr/bin/cmake /home/mohd_yasser1/Ros2_project/src/turtle_shape_bringup -DAMENT_CMAKE_SYMLINK_INSTALL=1 -DCMAKE_INSTALL_PREFIX=/home/mohd_yasser1/Ros2_project/install/turtle_shape_bringup
[2.497s] DEBUG:colcon.colcon_core.event_handler.log_command:Invoking command in '/home/mohd_yasser1/Ros2_project/build/turtle_shape_bringup': AMENT_PREFIX_PATH=/home/mohd_yasser1/Ros2_project/install/turtle_shape:${AMENT_PREFIX_PATH} CMAKE_PREFIX_PATH=/opt/ros/humble PYTHONPATH=/home/mohd_yasser1/Ros2_project/build/turtle_shape:/home/mohd_yasser1/Ros2_project/install/turtle_shape/lib/python3.10/site-packages:${PYTHONPATH} /usr/bin/cmake --build /home/mohd_yasser1/Ros2_project/build/turtle_shape_bringup -- -j8 -l8
[2.526s] DEBUG:colcon.colcon_core.event_handler.log_command:Invoked command in '/home/mohd_yasser1/Ros2_project/build/turtle_shape_bringup' returned '0': AMENT_PREFIX_PATH=/home/mohd_yasser1/Ros2_project/install/turtle_shape:${AMENT_PREFIX_PATH} CMAKE_PREFIX_PATH=/opt/ros/humble PYTHONPATH=/home/mohd_yasser1/Ros2_project/build/turtle_shape:/home/mohd_yasser1/Ros2_project/install/turtle_shape/lib/python3.10/site-packages:${PYTHONPATH} /usr/bin/cmake --build /home/mohd_yasser1/Ros2_project/build/turtle_shape_bringup -- -j8 -l8
[2.546s] DEBUG:colcon.colcon_core.event_handler.log_command:Invoking command in '/home/mohd_yasser1/Ros2_project/build/turtle_shape_bringup': AMENT_PREFIX_PATH=/home/mohd_yasser1/Ros2_project/install/turtle_shape:${AMENT_PREFIX_PATH} CMAKE_PREFIX_PATH=/opt/ros/humble PYTHONPATH=/home/mohd_yasser1/Ros2_project/build/turtle_shape:/home/mohd_yasser1/Ros2_project/install/turtle_shape/lib/python3.10/site-packages:${PYTHONPATH} /usr/bin/cmake --install /home/mohd_yasser1/Ros2_project/build/turtle_shape_bringup
[2.644s] Level 1:colcon.colcon_core.environment:create_environment_scripts_only(turtle_shape_bringup)
[2.646s] Level 1:colcon.colcon_core.environment:checking '/home/mohd_yasser1/Ros2_project/install/turtle_shape_bringup' for CMake module files
[2.646s] DEBUG:colcon.colcon_core.event_handler.log_command:Invoked command in '/home/mohd_yasser1/Ros2_project/build/turtle_shape_bringup' returned '0': AMENT_PREFIX_PATH=/home/mohd_yasser1/Ros2_project/install/turtle_shape:${AMENT_PREFIX_PATH} CMAKE_PREFIX_PATH=/opt/ros/humble PYTHONPATH=/home/mohd_yasser1/Ros2_project/build/turtle_shape:/home/mohd_yasser1/Ros2_project/install/turtle_shape/lib/python3.10/site-packages:${PYTHONPATH} /usr/bin/cmake --install /home/mohd_yasser1/Ros2_project/build/turtle_shape_bringup
[2.646s] Level 1:colcon.colcon_core.environment:checking '/home/mohd_yasser1/Ros2_project/install/turtle_shape_bringup' for CMake config files
[2.647s] Level 1:colcon.colcon_core.shell:create_environment_hook('turtle_shape_bringup', 'cmake_prefix_path')
[2.647s] INFO:colcon.colcon_core.shell:Creating environment hook '/home/mohd_yasser1/Ros2_project/install/turtle_shape_bringup/share/turtle_shape_bringup/hook/cmake_prefix_path.ps1'
[2.648s] INFO:colcon.colcon_core.shell:Creating environment descriptor '/home/mohd_yasser1/Ros2_project/install/turtle_shape_bringup/share/turtle_shape_bringup/hook/cmake_prefix_path.dsv'
[2.648s] INFO:colcon.colcon_core.shell:Creating environment hook '/home/mohd_yasser1/Ros2_project/install/turtle_shape_bringup/share/turtle_shape_bringup/hook/cmake_prefix_path.sh'
[2.649s] Level 1:colcon.colcon_core.environment:checking '/home/mohd_yasser1/Ros2_project/install/turtle_shape_bringup/bin'
[2.649s] Level 1:colcon.colcon_core.environment:checking '/home/mohd_yasser1/Ros2_project/install/turtle_shape_bringup/lib/pkgconfig/turtle_shape_bringup.pc'
[2.649s] Level 1:colcon.colcon_core.environment:checking '/home/mohd_yasser1/Ros2_project/install/turtle_shape_bringup/lib/python3.10/site-packages'
[2.649s] Level 1:colcon.colcon_core.environment:checking '/home/mohd_yasser1/Ros2_project/install/turtle_shape_bringup/bin'
[2.650s] INFO:colcon.colcon_core.shell:Creating package script '/home/mohd_yasser1/Ros2_project/install/turtle_shape_bringup/share/turtle_shape_bringup/package.ps1'
[2.650s] INFO:colcon.colcon_core.shell:Creating package descriptor '/home/mohd_yasser1/Ros2_project/install/turtle_shape_bringup/share/turtle_shape_bringup/package.dsv'
[2.651s] INFO:colcon.colcon_core.shell:Creating package script '/home/mohd_yasser1/Ros2_project/install/turtle_shape_bringup/share/turtle_shape_bringup/package.sh'
[2.651s] INFO:colcon.colcon_core.shell:Creating package script '/home/mohd_yasser1/Ros2_project/install/turtle_shape_bringup/share/turtle_shape_bringup/package.bash'
[2.651s] INFO:colcon.colcon_core.shell:Creating package script '/home/mohd_yasser1/Ros2_project/install/turtle_shape_bringup/share/turtle_shape_bringup/package.zsh'
[2.651s] Level 1:colcon.colcon_core.environment:create_file_with_runtime_dependencies(/home/mohd_yasser1/Ros2_project/install/turtle_shape_bringup/share/colcon-core/packages/turtle_shape_bringup)
[2.666s] Level 1:colcon.colcon_core.environment:create_environment_scripts_only(turtle_shape_bringup)
[2.668s] Level 1:colcon.colcon_core.environment:checking '/home/mohd_yasser1/Ros2_project/install/turtle_shape_bringup' for CMake module files
[2.668s] Level 1:colcon.colcon_core.environment:checking '/home/mohd_yasser1/Ros2_project/install/turtle_shape_bringup' for CMake config files
[2.668s] Level 1:colcon.colcon_core.shell:create_environment_hook('turtle_shape_bringup', 'cmake_prefix_path')
[2.669s] INFO:colcon.colcon_core.shell:Creating environment hook '/home/mohd_yasser1/Ros2_project/install/turtle_shape_bringup/share/turtle_shape_bringup/hook/cmake_prefix_path.ps1'
[2.669s] INFO:colcon.colcon_core.shell:Creating environment descriptor '/home/mohd_yasser1/Ros2_project/install/turtle_shape_bringup/share/turtle_shape_bringup/hook/cmake_prefix_path.dsv'
[2.670s] INFO:colcon.colcon_core.shell:Creating environment hook '/home/mohd_yasser1/Ros2_project/install/turtle_shape_bringup/share/turtle_shape_bringup/hook/cmake_prefix_path.sh'
[2.670s] Level 1:colcon.colcon_core.environment:checking '/home/mohd_yasser1/Ros2_project/install/turtle_shape_bringup/bin'
[2.670s] Level 1:colcon.colcon_core.environment:checking '/home/mohd_yasser1/Ros2_project/install/turtle_shape_bringup/lib/pkgconfig/turtle_shape_bringup.pc'
[2.670s] Level 1:colcon.colcon_core.environment:checking '/home/mohd_yasser1/Ros2_project/install/turtle_shape_bringup/lib/python3.10/site-packages'
[2.670s] Level 1:colcon.colcon_core.environment:checking '/home/mohd_yasser1/Ros2_project/install/turtle_shape_bringup/bin'
[2.671s] INFO:colcon.colcon_core.shell:Creating package script '/home/mohd_yasser1/Ros2_project/install/turtle_shape_bringup/share/turtle_shape_bringup/package.ps1'
[2.672s] INFO:colcon.colcon_core.shell:Creating package descriptor '/home/mohd_yasser1/Ros2_project/install/turtle_shape_bringup/share/turtle_shape_bringup/package.dsv'
[2.672s] INFO:colcon.colcon_core.shell:Creating package script '/home/mohd_yasser1/Ros2_project/install/turtle_shape_bringup/share/turtle_shape_bringup/package.sh'
[2.672s] INFO:colcon.colcon_core.shell:Creating package script '/home/mohd_yasser1/Ros2_project/install/turtle_shape_bringup/share/turtle_shape_bringup/package.bash'
[2.672s] INFO:colcon.colcon_core.shell:Creating package script '/home/mohd_yasser1/Ros2_project/install/turtle_shape_bringup/share/turtle_shape_bringup/package.zsh'
[2.673s] Level 1:colcon.colcon_core.environment:create_file_with_runtime_dependencies(/home/mohd_yasser1/Ros2_project/install/turtle_shape_bringup/share/colcon-core/packages/turtle_shape_bringup)
[2.673s] DEBUG:colcon.colcon_parallel_executor.executor.parallel:closing loop
[2.673s] DEBUG:colcon.colcon_parallel_executor.executor.parallel:loop closed
[2.673s] DEBUG:colcon.colcon_parallel_executor.executor.parallel:run_until_complete finished with '0'
[2.673s] DEBUG:colcon.colcon_core.event_reactor:joining thread
[2.799s] INFO:colcon.colcon_core.plugin_system:Skipping extension 'colcon_notification.desktop_notification.notify_send': Could not find 'notify-send'
[2.800s] INFO:colcon.colcon_core.plugin_system:Skipping extension 'colcon_notification.desktop_notification.terminal_notifier': Not used on non-Darwin systems
[2.800s] INFO:colcon.colcon_core.plugin_system:Skipping extension 'colcon_notification.desktop_notification.win32': Not used on non-Windows systems
[2.800s] INFO:colcon.colcon_notification.desktop_notification:Sending desktop notification using 'notify2'
[2.800s] DEBUG:colcon.colcon_notification.desktop_notification.notify2:Failed to initialize notify2: org.freedesktop.DBus.Error.FileNotFound: Failed to connect to socket /run/user/1000/bus: No such file or directory
[2.800s] DEBUG:colcon.colcon_core.event_reactor:joined thread
[2.802s] INFO:colcon.colcon_core.shell:Creating prefix script '/home/mohd_yasser1/Ros2_project/install/local_setup.ps1'
[2.804s] INFO:colcon.colcon_core.shell:Creating prefix util module '/home/mohd_yasser1/Ros2_project/install/_local_setup_util_ps1.py'
[2.806s] INFO:colcon.colcon_core.shell:Creating prefix chain script '/home/mohd_yasser1/Ros2_project/install/setup.ps1'
[2.808s] INFO:colcon.colcon_core.shell:Creating prefix script '/home/mohd_yasser1/Ros2_project/install/local_setup.sh'
[2.809s] INFO:colcon.colcon_core.shell:Creating prefix util module '/home/mohd_yasser1/Ros2_project/install/_local_setup_util_sh.py'
[2.809s] INFO:colcon.colcon_core.shell:Creating prefix chain script '/home/mohd_yasser1/Ros2_project/install/setup.sh'
[2.813s] INFO:colcon.colcon_core.shell:Creating prefix script '/home/mohd_yasser1/Ros2_project/install/local_setup.bash'
[2.813s] INFO:colcon.colcon_core.shell:Creating prefix chain script '/home/mohd_yasser1/Ros2_project/install/setup.bash'
[2.815s] INFO:colcon.colcon_core.shell:Creating prefix script '/home/mohd_yasser1/Ros2_project/install/local_setup.zsh'
[2.816s] INFO:colcon.colcon_core.shell:Creating prefix chain script '/home/mohd_yasser1/Ros2_project/install/setup.zsh'
